{"/home/travis/build/npmtest/node-npmtest-licenses/test.js":{"path":"/home/travis/build/npmtest/node-npmtest-licenses/test.js","s":{"1":2,"2":2,"3":2,"4":2,"5":2,"6":2,"7":2,"8":1,"9":2,"10":2,"11":1,"12":1,"13":1,"14":1,"15":2,"16":2,"17":2,"18":2,"19":1,"20":1,"21":2,"22":2,"23":2,"24":1,"25":1,"26":1,"27":1,"28":1,"29":1,"30":1,"31":1,"32":1,"33":1,"34":1,"35":1,"36":1,"37":1,"38":1,"39":2,"40":2,"41":1,"42":2,"43":2,"44":1,"45":2,"46":2,"47":1,"48":2,"49":2,"50":1,"51":1,"52":1,"53":1,"54":1},"b":{"1":[2,1,1,1],"2":[1,1,1,1],"3":[1,1],"4":[1,1],"5":[1,1],"6":[1,1],"7":[1,1],"8":[1,1],"9":[1,1],"10":[1,1,1],"11":[1,1],"12":[1,1],"13":[1,1],"14":[1,1],"15":[1,1],"16":[1,1],"17":[1,1]},"f":{"1":2,"2":2,"3":2,"4":2,"5":2,"6":1,"7":1,"8":1,"9":2,"10":2,"11":2,"12":2,"13":1},"fnMap":{"1":{"name":"(anonymous_1)","line":12,"loc":{"start":{"line":12,"column":1},"end":{"line":12,"column":13}}},"2":{"name":"(anonymous_2)","line":19,"loc":{"start":{"line":19,"column":5},"end":{"line":19,"column":17}}},"3":{"name":"(anonymous_3)","line":23,"loc":{"start":{"line":23,"column":24},"end":{"line":23,"column":36}}},"4":{"name":"(anonymous_4)","line":61,"loc":{"start":{"line":61,"column":5},"end":{"line":61,"column":17}}},"5":{"name":"(anonymous_5)","line":82,"loc":{"start":{"line":82,"column":5},"end":{"line":82,"column":17}}},"6":{"name":"(anonymous_6)","line":91,"loc":{"start":{"line":91,"column":77},"end":{"line":94,"column":10}}},"7":{"name":"(anonymous_7)","line":112,"loc":{"start":{"line":112,"column":83},"end":{"line":115,"column":10}},"skip":true},"8":{"name":"(anonymous_8)","line":123,"loc":{"start":{"line":123,"column":77},"end":{"line":126,"column":10}},"skip":true},"9":{"name":"(anonymous_9)","line":139,"loc":{"start":{"line":139,"column":12},"end":{"line":139,"column":40}},"skip":true},"10":{"name":"(anonymous_10)","line":147,"loc":{"start":{"line":147,"column":77},"end":{"line":150,"column":10}},"skip":true},"11":{"name":"(anonymous_11)","line":158,"loc":{"start":{"line":158,"column":83},"end":{"line":161,"column":10}},"skip":true},"12":{"name":"(anonymous_12)","line":169,"loc":{"start":{"line":169,"column":79},"end":{"line":172,"column":10}},"skip":true},"13":{"name":"(anonymous_13)","line":180,"loc":{"start":{"line":180,"column":75},"end":{"line":183,"column":10}},"skip":true}},"statementMap":{"1":{"start":{"line":12,"column":0},"end":{"line":195,"column":5}},"2":{"start":{"line":14,"column":4},"end":{"line":14,"column":14}},"3":{"start":{"line":19,"column":4},"end":{"line":56,"column":9}},"4":{"start":{"line":21,"column":8},"end":{"line":21,"column":19}},"5":{"start":{"line":23,"column":8},"end":{"line":35,"column":13}},"6":{"start":{"line":24,"column":12},"end":{"line":34,"column":13}},"7":{"start":{"line":25,"column":16},"end":{"line":28,"column":30}},"8":{"start":{"line":30,"column":16},"end":{"line":33,"column":27}},"9":{"start":{"line":37,"column":8},"end":{"line":39,"column":21}},"10":{"start":{"line":40,"column":8},"end":{"line":53,"column":9}},"11":{"start":{"line":43,"column":12},"end":{"line":46,"column":14}},"12":{"start":{"line":47,"column":12},"end":{"line":47,"column":18}},"13":{"start":{"line":50,"column":12},"end":{"line":51,"column":33}},"14":{"start":{"line":52,"column":12},"end":{"line":52,"column":18}},"15":{"start":{"line":55,"column":8},"end":{"line":55,"column":35}},"16":{"start":{"line":61,"column":4},"end":{"line":63,"column":9}},"17":{"start":{"line":62,"column":8},"end":{"line":62,"column":15}},"18":{"start":{"line":64,"column":4},"end":{"line":77,"column":5}},"19":{"start":{"line":70,"column":8},"end":{"line":70,"column":14}},"20":{"start":{"line":76,"column":8},"end":{"line":76,"column":14}},"21":{"start":{"line":82,"column":4},"end":{"line":84,"column":9}},"22":{"start":{"line":83,"column":8},"end":{"line":83,"column":15}},"23":{"start":{"line":85,"column":4},"end":{"line":194,"column":5}},"24":{"start":{"line":91,"column":8},"end":{"line":99,"column":10}},"25":{"start":{"line":98,"column":12},"end":{"line":98,"column":35}},"26":{"start":{"line":102,"column":8},"end":{"line":104,"column":63}},"27":{"start":{"line":105,"column":8},"end":{"line":105,"column":14}},"28":{"start":{"line":112,"column":8},"end":{"line":121,"column":10},"skip":true},"29":{"start":{"line":119,"column":12},"end":{"line":119,"column":55},"skip":true},"30":{"start":{"line":120,"column":12},"end":{"line":120,"column":48},"skip":true},"31":{"start":{"line":123,"column":8},"end":{"line":136,"column":10},"skip":true},"32":{"start":{"line":130,"column":12},"end":{"line":130,"column":76},"skip":true},"33":{"start":{"line":131,"column":12},"end":{"line":131,"column":73},"skip":true},"34":{"start":{"line":132,"column":12},"end":{"line":132,"column":74},"skip":true},"35":{"start":{"line":133,"column":12},"end":{"line":133,"column":79},"skip":true},"36":{"start":{"line":134,"column":12},"end":{"line":134,"column":25},"skip":true},"37":{"start":{"line":135,"column":12},"end":{"line":135,"column":45},"skip":true},"38":{"start":{"line":138,"column":8},"end":{"line":145,"column":14},"skip":true},"39":{"start":{"line":143,"column":16},"end":{"line":143,"column":29},"skip":true},"40":{"start":{"line":144,"column":16},"end":{"line":144,"column":55},"skip":true},"41":{"start":{"line":147,"column":8},"end":{"line":156,"column":10},"skip":true},"42":{"start":{"line":154,"column":12},"end":{"line":154,"column":25},"skip":true},"43":{"start":{"line":155,"column":12},"end":{"line":155,"column":45},"skip":true},"44":{"start":{"line":158,"column":8},"end":{"line":167,"column":10},"skip":true},"45":{"start":{"line":165,"column":12},"end":{"line":165,"column":25},"skip":true},"46":{"start":{"line":166,"column":12},"end":{"line":166,"column":48},"skip":true},"47":{"start":{"line":169,"column":8},"end":{"line":178,"column":10},"skip":true},"48":{"start":{"line":176,"column":12},"end":{"line":176,"column":25},"skip":true},"49":{"start":{"line":177,"column":12},"end":{"line":177,"column":46},"skip":true},"50":{"start":{"line":180,"column":8},"end":{"line":189,"column":10},"skip":true},"51":{"start":{"line":187,"column":12},"end":{"line":187,"column":94},"skip":true},"52":{"start":{"line":188,"column":12},"end":{"line":188,"column":48},"skip":true},"53":{"start":{"line":192,"column":8},"end":{"line":192,"column":35},"skip":true},"54":{"start":{"line":193,"column":8},"end":{"line":193,"column":14},"skip":true}},"branchMap":{"1":{"line":25,"type":"binary-expr","locations":[{"start":{"line":25,"column":23},"end":{"line":25,"column":62}},{"start":{"line":26,"column":20},"end":{"line":26,"column":70}},{"start":{"line":27,"column":20},"end":{"line":27,"column":71}},{"start":{"line":28,"column":20},"end":{"line":28,"column":29}}]},"2":{"line":30,"type":"binary-expr","locations":[{"start":{"line":30,"column":23},"end":{"line":30,"column":37}},{"start":{"line":31,"column":20},"end":{"line":31,"column":61}},{"start":{"line":32,"column":20},"end":{"line":32,"column":70}},{"start":{"line":33,"column":20},"end":{"line":33,"column":26}}]},"3":{"line":37,"type":"cond-expr","locations":[{"start":{"line":38,"column":14},"end":{"line":38,"column":20}},{"start":{"line":39,"column":14},"end":{"line":39,"column":20}}]},"4":{"line":40,"type":"switch","locations":[{"start":{"line":42,"column":8},"end":{"line":47,"column":18}},{"start":{"line":49,"column":8},"end":{"line":52,"column":18}}]},"5":{"line":44,"type":"binary-expr","locations":[{"start":{"line":44,"column":16},"end":{"line":44,"column":44}},{"start":{"line":44,"column":48},"end":{"line":44,"column":66}}]},"6":{"line":50,"type":"binary-expr","locations":[{"start":{"line":50,"column":21},"end":{"line":50,"column":49}},{"start":{"line":50,"column":53},"end":{"line":50,"column":72}}]},"7":{"line":64,"type":"switch","locations":[{"start":{"line":69,"column":4},"end":{"line":70,"column":14}},{"start":{"line":75,"column":4},"end":{"line":76,"column":14}}]},"8":{"line":85,"type":"switch","locations":[{"start":{"line":90,"column":4},"end":{"line":105,"column":14}},{"start":{"line":111,"column":4},"end":{"line":193,"column":14},"skip":true}]},"9":{"line":91,"type":"binary-expr","locations":[{"start":{"line":91,"column":42},"end":{"line":91,"column":73}},{"start":{"line":91,"column":77},"end":{"line":99,"column":9}}]},"10":{"line":102,"type":"binary-expr","locations":[{"start":{"line":102,"column":18},"end":{"line":102,"column":32}},{"start":{"line":103,"column":12},"end":{"line":103,"column":53}},{"start":{"line":104,"column":12},"end":{"line":104,"column":61}}]},"11":{"line":112,"type":"binary-expr","locations":[{"start":{"line":112,"column":45},"end":{"line":112,"column":79},"skip":true},{"start":{"line":112,"column":83},"end":{"line":121,"column":9},"skip":true}]},"12":{"line":123,"type":"binary-expr","locations":[{"start":{"line":123,"column":42},"end":{"line":123,"column":73},"skip":true},{"start":{"line":123,"column":77},"end":{"line":136,"column":9},"skip":true}]},"13":{"line":138,"type":"binary-expr","locations":[{"start":{"line":138,"column":48},"end":{"line":138,"column":85},"skip":true},{"start":{"line":139,"column":12},"end":{"line":145,"column":13},"skip":true}]},"14":{"line":147,"type":"binary-expr","locations":[{"start":{"line":147,"column":42},"end":{"line":147,"column":73},"skip":true},{"start":{"line":147,"column":77},"end":{"line":156,"column":9},"skip":true}]},"15":{"line":158,"type":"binary-expr","locations":[{"start":{"line":158,"column":45},"end":{"line":158,"column":79},"skip":true},{"start":{"line":158,"column":83},"end":{"line":167,"column":9},"skip":true}]},"16":{"line":169,"type":"binary-expr","locations":[{"start":{"line":169,"column":43},"end":{"line":169,"column":75},"skip":true},{"start":{"line":169,"column":79},"end":{"line":178,"column":9},"skip":true}]},"17":{"line":180,"type":"binary-expr","locations":[{"start":{"line":180,"column":41},"end":{"line":180,"column":71},"skip":true},{"start":{"line":180,"column":75},"end":{"line":189,"column":9},"skip":true}]}},"code":["/* istanbul instrument in package npmtest_licenses */","/*jslint","    bitwise: true,","    browser: true,","    maxerr: 8,","    maxlen: 96,","    node: true,","    nomen: true,","    regexp: true,","    stupid: true","*/","(function () {","    'use strict';","    var local;","","","","    // run shared js-env code - pre-init","    (function () {","        // init local","        local = {};","        // init modeJs","        local.modeJs = (function () {","            try {","                return typeof navigator.userAgent === 'string' &&","                    typeof document.querySelector('body') === 'object' &&","                    typeof XMLHttpRequest.prototype.open === 'function' &&","                    'browser';","            } catch (errorCaughtBrowser) {","                return module.exports &&","                    typeof process.versions.node === 'string' &&","                    typeof require('http').createServer === 'function' &&","                    'node';","            }","        }());","        // init global","        local.global = local.modeJs === 'browser'","            ? window","            : global;","        switch (local.modeJs) {","        // re-init local from window.local","        case 'browser':","            local = local.global.utility2.objectSetDefault(","                local.global.utility2_rollup || local.global.local,","                local.global.utility2","            );","            break;","        // re-init local from example.js","        case 'node':","            local = (local.global.utility2_rollup || require('utility2'))","                .requireReadme();","            break;","        }","        // export local","        local.global.local = local;","    }());","","","","    // run shared js-env code - function","    (function () {","        return;","    }());","    switch (local.modeJs) {","","","","    // run browser js-env code - function","    case 'browser':","        break;","","","","    // run node js-env code - function","    case 'node':","        break;","    }","","","","    // run shared js-env code - post-init","    (function () {","        return;","    }());","    switch (local.modeJs) {","","","","    // run browser js-env code - post-init","    case 'browser':","        local.testCase_browser_nullCase = local.testCase_browser_nullCase || function (","            options,","            onError","        ) {","        /*","         * this function will test browsers's null-case handling-behavior-behavior","         */","            onError(null, options);","        };","","        // run tests","        local.nop(local.modeTest &&","            document.querySelector('#testRunButton1') &&","            document.querySelector('#testRunButton1').click());","        break;","","","","    // run node js-env code - post-init","    /* istanbul ignore next */","    case 'node':","        local.testCase_buildApidoc_default = local.testCase_buildApidoc_default || function (","            options,","            onError","        ) {","        /*","         * this function will test buildApidoc's default handling-behavior-behavior","         */","            options = { modulePathList: module.paths };","            local.buildApidoc(options, onError);","        };","","        local.testCase_buildApp_default = local.testCase_buildApp_default || function (","            options,","            onError","        ) {","        /*","         * this function will test buildApp's default handling-behavior-behavior","         */","            local.testCase_buildReadme_default(options, local.onErrorThrow);","            local.testCase_buildLib_default(options, local.onErrorThrow);","            local.testCase_buildTest_default(options, local.onErrorThrow);","            local.testCase_buildCustomOrg_default(options, local.onErrorThrow);","            options = [];","            local.buildApp(options, onError);","        };","","        local.testCase_buildCustomOrg_default = local.testCase_buildCustomOrg_default ||","            function (options, onError) {","            /*","             * this function will test buildCustomOrg's default handling-behavior","             */","                options = {};","                local.buildCustomOrg(options, onError);","            };","","        local.testCase_buildLib_default = local.testCase_buildLib_default || function (","            options,","            onError","        ) {","        /*","         * this function will test buildLib's default handling-behavior","         */","            options = {};","            local.buildLib(options, onError);","        };","","        local.testCase_buildReadme_default = local.testCase_buildReadme_default || function (","            options,","            onError","        ) {","        /*","         * this function will test buildReadme's default handling-behavior-behavior","         */","            options = {};","            local.buildReadme(options, onError);","        };","","        local.testCase_buildTest_default = local.testCase_buildTest_default || function (","            options,","            onError","        ) {","        /*","         * this function will test buildTest's default handling-behavior","         */","            options = {};","            local.buildTest(options, onError);","        };","","        local.testCase_webpage_default = local.testCase_webpage_default || function (","            options,","            onError","        ) {","        /*","         * this function will test webpage's default handling-behavior","         */","            options = { modeCoverageMerge: true, url: local.serverLocalHost + '?modeTest=1' };","            local.browserTest(options, onError);","        };","","        // run test-server","        local.testRunServer(local);","        break;","    }","}());",""],"l":{"12":2,"14":2,"19":2,"21":2,"23":2,"24":2,"25":2,"30":1,"37":2,"40":2,"43":1,"47":1,"50":1,"52":1,"55":2,"61":2,"62":2,"64":2,"70":1,"76":1,"82":2,"83":2,"85":2,"91":1,"98":1,"102":1,"105":1,"112":1,"119":1,"120":1,"123":1,"130":1,"131":1,"132":1,"133":1,"134":1,"135":1,"138":1,"143":2,"144":2,"147":1,"154":2,"155":2,"158":1,"165":2,"166":2,"169":1,"176":2,"177":2,"180":1,"187":1,"188":1,"192":1,"193":1}},"/home/travis/build/npmtest/node-npmtest-licenses/lib.npmtest_licenses.js":{"path":"/home/travis/build/npmtest/node-npmtest-licenses/lib.npmtest_licenses.js","s":{"1":2,"2":2,"3":2,"4":2,"5":2,"6":2,"7":2,"8":1,"9":2,"10":2,"11":2,"12":2,"13":1,"14":1,"15":1,"16":1},"b":{"1":[2,1,1,1],"2":[1,1,1,1],"3":[1,1],"4":[2,2],"5":[1,1]},"f":{"1":2,"2":2,"3":2},"fnMap":{"1":{"name":"(anonymous_1)","line":12,"loc":{"start":{"line":12,"column":1},"end":{"line":12,"column":13}}},"2":{"name":"(anonymous_2)","line":19,"loc":{"start":{"line":19,"column":5},"end":{"line":19,"column":17}}},"3":{"name":"(anonymous_3)","line":23,"loc":{"start":{"line":23,"column":24},"end":{"line":23,"column":36}}}},"statementMap":{"1":{"start":{"line":12,"column":0},"end":{"line":53,"column":5}},"2":{"start":{"line":14,"column":4},"end":{"line":14,"column":14}},"3":{"start":{"line":19,"column":4},"end":{"line":52,"column":9}},"4":{"start":{"line":21,"column":8},"end":{"line":21,"column":19}},"5":{"start":{"line":23,"column":8},"end":{"line":35,"column":13}},"6":{"start":{"line":24,"column":12},"end":{"line":34,"column":13}},"7":{"start":{"line":25,"column":16},"end":{"line":28,"column":30}},"8":{"start":{"line":30,"column":16},"end":{"line":33,"column":27}},"9":{"start":{"line":37,"column":8},"end":{"line":39,"column":21}},"10":{"start":{"line":41,"column":8},"end":{"line":41,"column":54}},"11":{"start":{"line":43,"column":8},"end":{"line":43,"column":53}},"12":{"start":{"line":45,"column":8},"end":{"line":51,"column":9}},"13":{"start":{"line":46,"column":12},"end":{"line":46,"column":59}},"14":{"start":{"line":48,"column":12},"end":{"line":48,"column":35}},"15":{"start":{"line":49,"column":12},"end":{"line":49,"column":49}},"16":{"start":{"line":50,"column":12},"end":{"line":50,"column":43}}},"branchMap":{"1":{"line":25,"type":"binary-expr","locations":[{"start":{"line":25,"column":23},"end":{"line":25,"column":62}},{"start":{"line":26,"column":20},"end":{"line":26,"column":70}},{"start":{"line":27,"column":20},"end":{"line":27,"column":71}},{"start":{"line":28,"column":20},"end":{"line":28,"column":29}}]},"2":{"line":30,"type":"binary-expr","locations":[{"start":{"line":30,"column":23},"end":{"line":30,"column":37}},{"start":{"line":31,"column":20},"end":{"line":31,"column":61}},{"start":{"line":32,"column":20},"end":{"line":32,"column":70}},{"start":{"line":33,"column":20},"end":{"line":33,"column":26}}]},"3":{"line":37,"type":"cond-expr","locations":[{"start":{"line":38,"column":14},"end":{"line":38,"column":20}},{"start":{"line":39,"column":14},"end":{"line":39,"column":20}}]},"4":{"line":41,"type":"binary-expr","locations":[{"start":{"line":41,"column":16},"end":{"line":41,"column":44}},{"start":{"line":41,"column":48},"end":{"line":41,"column":53}}]},"5":{"line":45,"type":"if","locations":[{"start":{"line":45,"column":8},"end":{"line":45,"column":8}},{"start":{"line":45,"column":8},"end":{"line":45,"column":8}}]}},"code":["/* istanbul instrument in package npmtest_licenses */","/*jslint","    bitwise: true,","    browser: true,","    maxerr: 8,","    maxlen: 96,","    node: true,","    nomen: true,","    regexp: true,","    stupid: true","*/","(function () {","    'use strict';","    var local;","","","","    // run shared js-env code - pre-init","    (function () {","        // init local","        local = {};","        // init modeJs","        local.modeJs = (function () {","            try {","                return typeof navigator.userAgent === 'string' &&","                    typeof document.querySelector('body') === 'object' &&","                    typeof XMLHttpRequest.prototype.open === 'function' &&","                    'browser';","            } catch (errorCaughtBrowser) {","                return module.exports &&","                    typeof process.versions.node === 'string' &&","                    typeof require('http').createServer === 'function' &&","                    'node';","            }","        }());","        // init global","        local.global = local.modeJs === 'browser'","            ? window","            : global;","        // init utility2_rollup","        local = local.global.utility2_rollup || local;","        // init lib","        local.local = local.npmtest_licenses = local;","        // init exports","        if (local.modeJs === 'browser') {","            local.global.utility2_npmtest_licenses = local;","        } else {","            module.exports = local;","            module.exports.__dirname = __dirname;","            module.exports.module = module;","        }","    }());","}());",""],"l":{"12":2,"14":2,"19":2,"21":2,"23":2,"24":2,"25":2,"30":1,"37":2,"41":2,"43":2,"45":2,"46":1,"48":1,"49":1,"50":1}},"/home/travis/build/npmtest/node-npmtest-licenses/example.js":{"path":"/home/travis/build/npmtest/node-npmtest-licenses/example.js","s":{"1":2,"2":2,"3":2,"4":2,"5":2,"6":2,"7":2,"8":1,"9":2,"10":2,"11":2,"12":2,"13":1,"14":2,"15":2,"16":2,"17":2,"18":2,"19":0,"20":2,"21":1,"22":1,"23":1,"24":1,"25":1,"26":0,"27":0,"28":1,"29":1,"30":2,"31":0,"32":0,"33":0,"34":1,"35":2,"36":2,"37":3,"38":3,"39":3,"40":3,"41":0,"42":3,"43":3,"44":3,"45":1,"46":3,"47":1,"48":1,"49":1,"50":1,"51":1,"52":1,"53":1,"54":1,"55":1,"56":1,"57":0,"58":1,"59":6,"60":6,"61":1,"62":2,"63":0,"64":2,"65":1,"66":1,"67":0,"68":0,"69":0,"70":0,"71":0,"72":0,"73":0,"74":0,"75":0,"76":0,"77":0,"78":0,"79":0,"80":0,"81":0,"82":0,"83":0},"b":{"1":[2,1,1,1],"2":[1,1,1,1],"3":[1,1],"4":[2,2],"5":[1,1],"6":[1,1],"7":[2,0],"8":[2,1,1,1,1,1],"9":[0,2,0],"10":[1,1],"11":[2,1,1],"12":[1,0],"13":[0,2],"14":[2,0,0,0,0,0,0],"15":[0,3],"16":[3,0],"17":[1,1],"18":[0,1],"19":[1,2,0,2],"20":[1,0],"21":[1,1],"22":[0,0],"23":[0,0],"24":[0,0],"25":[0,0],"26":[0,0],"27":[0,0],"28":[0,0]},"f":{"1":2,"2":2,"3":2,"4":2,"5":2,"6":2,"7":3,"8":3,"9":3,"10":1,"11":6,"12":0},"fnMap":{"1":{"name":"(anonymous_1)","line":26,"loc":{"start":{"line":26,"column":1},"end":{"line":26,"column":13}}},"2":{"name":"(anonymous_2)","line":33,"loc":{"start":{"line":33,"column":5},"end":{"line":33,"column":17}}},"3":{"name":"(anonymous_3)","line":37,"loc":{"start":{"line":37,"column":24},"end":{"line":37,"column":36}}},"4":{"name":"(anonymous_4)","line":69,"loc":{"start":{"line":69,"column":31},"end":{"line":69,"column":48}},"skip":true},"5":{"name":"(anonymous_5)","line":78,"loc":{"start":{"line":78,"column":26},"end":{"line":78,"column":45}},"skip":true},"6":{"name":"(anonymous_6)","line":123,"loc":{"start":{"line":123,"column":33},"end":{"line":123,"column":48}},"skip":true},"7":{"name":"(anonymous_7)","line":125,"loc":{"start":{"line":125,"column":27},"end":{"line":125,"column":39}},"skip":true},"8":{"name":"(anonymous_8)","line":133,"loc":{"start":{"line":133,"column":59},"end":{"line":133,"column":74}},"skip":true},"9":{"name":"(anonymous_9)","line":143,"loc":{"start":{"line":143,"column":45},"end":{"line":143,"column":62}},"skip":true},"10":{"name":"(anonymous_10)","line":144,"loc":{"start":{"line":144,"column":73},"end":{"line":144,"column":92}},"skip":true},"11":{"name":"(anonymous_11)","line":272,"loc":{"start":{"line":272,"column":51},"end":{"line":272,"column":77}},"skip":true},"12":{"name":"(anonymous_12)","line":315,"loc":{"start":{"line":315,"column":32},"end":{"line":315,"column":61}},"skip":true}},"statementMap":{"1":{"start":{"line":26,"column":0},"end":{"line":326,"column":5}},"2":{"start":{"line":28,"column":4},"end":{"line":28,"column":14}},"3":{"start":{"line":33,"column":4},"end":{"line":60,"column":9}},"4":{"start":{"line":35,"column":8},"end":{"line":35,"column":19}},"5":{"start":{"line":37,"column":8},"end":{"line":49,"column":13}},"6":{"start":{"line":38,"column":12},"end":{"line":48,"column":13}},"7":{"start":{"line":39,"column":16},"end":{"line":42,"column":30}},"8":{"start":{"line":44,"column":16},"end":{"line":47,"column":27}},"9":{"start":{"line":51,"column":8},"end":{"line":53,"column":21}},"10":{"start":{"line":55,"column":8},"end":{"line":57,"column":45}},"11":{"start":{"line":59,"column":8},"end":{"line":59,"column":35}},"12":{"start":{"line":61,"column":4},"end":{"line":325,"column":5}},"13":{"start":{"line":69,"column":8},"end":{"line":121,"column":10},"skip":true},"14":{"start":{"line":70,"column":12},"end":{"line":88,"column":13},"skip":true},"15":{"start":{"line":76,"column":16},"end":{"line":87,"column":19},"skip":true},"16":{"start":{"line":79,"column":20},"end":{"line":86,"column":21},"skip":true},"17":{"start":{"line":82,"column":24},"end":{"line":82,"column":43},"skip":true},"18":{"start":{"line":83,"column":24},"end":{"line":83,"column":30},"skip":true},"19":{"start":{"line":85,"column":24},"end":{"line":85,"column":49},"skip":true},"20":{"start":{"line":89,"column":12},"end":{"line":107,"column":13},"skip":true},"21":{"start":{"line":92,"column":16},"end":{"line":102,"column":17},"skip":true},"22":{"start":{"line":93,"column":20},"end":{"line":93,"column":86},"skip":true},"23":{"start":{"line":94,"column":20},"end":{"line":95,"column":45},"skip":true},"24":{"start":{"line":96,"column":20},"end":{"line":96,"column":42},"skip":true},"25":{"start":{"line":97,"column":20},"end":{"line":97,"column":48},"skip":true},"26":{"start":{"line":100,"column":20},"end":{"line":100,"column":85},"skip":true},"27":{"start":{"line":101,"column":20},"end":{"line":101,"column":96},"skip":true},"28":{"start":{"line":103,"column":16},"end":{"line":103,"column":22},"skip":true},"29":{"start":{"line":106,"column":16},"end":{"line":106,"column":22},"skip":true},"30":{"start":{"line":108,"column":12},"end":{"line":120,"column":13},"skip":true},"31":{"start":{"line":114,"column":16},"end":{"line":119,"column":17},"skip":true},"32":{"start":{"line":116,"column":20},"end":{"line":116,"column":78},"skip":true},"33":{"start":{"line":118,"column":20},"end":{"line":118,"column":47},"skip":true},"34":{"start":{"line":123,"column":8},"end":{"line":141,"column":11},"skip":true},"35":{"start":{"line":124,"column":12},"end":{"line":124,"column":54},"skip":true},"36":{"start":{"line":125,"column":12},"end":{"line":140,"column":14},"skip":true},"37":{"start":{"line":126,"column":16},"end":{"line":126,"column":28},"skip":true},"38":{"start":{"line":127,"column":16},"end":{"line":127,"column":69},"skip":true},"39":{"start":{"line":128,"column":16},"end":{"line":128,"column":75},"skip":true},"40":{"start":{"line":129,"column":16},"end":{"line":131,"column":17},"skip":true},"41":{"start":{"line":130,"column":20},"end":{"line":130,"column":27},"skip":true},"42":{"start":{"line":133,"column":16},"end":{"line":137,"column":36},"skip":true},"43":{"start":{"line":134,"column":20},"end":{"line":136,"column":55},"skip":true},"44":{"start":{"line":139,"column":16},"end":{"line":139,"column":57},"skip":true},"45":{"start":{"line":143,"column":8},"end":{"line":147,"column":11},"skip":true},"46":{"start":{"line":144,"column":12},"end":{"line":146,"column":15},"skip":true},"47":{"start":{"line":145,"column":16},"end":{"line":145,"column":70},"skip":true},"48":{"start":{"line":149,"column":8},"end":{"line":149,"column":31},"skip":true},"49":{"start":{"line":150,"column":8},"end":{"line":150,"column":14},"skip":true},"50":{"start":{"line":158,"column":8},"end":{"line":158,"column":31},"skip":true},"51":{"start":{"line":160,"column":8},"end":{"line":160,"column":33},"skip":true},"52":{"start":{"line":161,"column":8},"end":{"line":161,"column":37},"skip":true},"53":{"start":{"line":162,"column":8},"end":{"line":162,"column":35},"skip":true},"54":{"start":{"line":164,"column":8},"end":{"line":164,"column":50},"skip":true},"55":{"start":{"line":166,"column":8},"end":{"line":256,"column":2},"skip":true},"56":{"start":{"line":258,"column":8},"end":{"line":286,"column":9},"skip":true},"57":{"start":{"line":259,"column":12},"end":{"line":269,"column":14},"skip":true},"58":{"start":{"line":271,"column":12},"end":{"line":285,"column":19},"skip":true},"59":{"start":{"line":274,"column":20},"end":{"line":274,"column":35},"skip":true},"60":{"start":{"line":275,"column":20},"end":{"line":284,"column":21},"skip":true},"61":{"start":{"line":277,"column":24},"end":{"line":277,"column":64},"skip":true},"62":{"start":{"line":279,"column":24},"end":{"line":279,"column":40},"skip":true},"63":{"start":{"line":281,"column":24},"end":{"line":281,"column":40},"skip":true},"64":{"start":{"line":283,"column":24},"end":{"line":283,"column":39},"skip":true},"65":{"start":{"line":288,"column":8},"end":{"line":290,"column":9},"skip":true},"66":{"start":{"line":289,"column":12},"end":{"line":289,"column":18},"skip":true},"67":{"start":{"line":291,"column":8},"end":{"line":293,"column":54},"skip":true},"68":{"start":{"line":296,"column":8},"end":{"line":301,"column":37},"skip":true},"69":{"start":{"line":303,"column":8},"end":{"line":303,"column":82},"skip":true},"70":{"start":{"line":306,"column":8},"end":{"line":308,"column":9},"skip":true},"71":{"start":{"line":307,"column":12},"end":{"line":307,"column":82},"skip":true},"72":{"start":{"line":310,"column":8},"end":{"line":312,"column":9},"skip":true},"73":{"start":{"line":311,"column":12},"end":{"line":311,"column":18},"skip":true},"74":{"start":{"line":313,"column":8},"end":{"line":313,"column":54},"skip":true},"75":{"start":{"line":314,"column":8},"end":{"line":314,"column":69},"skip":true},"76":{"start":{"line":315,"column":8},"end":{"line":323,"column":36},"skip":true},"77":{"start":{"line":316,"column":12},"end":{"line":316,"column":61},"skip":true},"78":{"start":{"line":317,"column":12},"end":{"line":320,"column":13},"skip":true},"79":{"start":{"line":318,"column":16},"end":{"line":318,"column":75},"skip":true},"80":{"start":{"line":319,"column":16},"end":{"line":319,"column":23},"skip":true},"81":{"start":{"line":321,"column":12},"end":{"line":321,"column":38},"skip":true},"82":{"start":{"line":322,"column":12},"end":{"line":322,"column":27},"skip":true},"83":{"start":{"line":324,"column":8},"end":{"line":324,"column":14},"skip":true}},"branchMap":{"1":{"line":39,"type":"binary-expr","locations":[{"start":{"line":39,"column":23},"end":{"line":39,"column":62}},{"start":{"line":40,"column":20},"end":{"line":40,"column":70}},{"start":{"line":41,"column":20},"end":{"line":41,"column":71}},{"start":{"line":42,"column":20},"end":{"line":42,"column":29}}]},"2":{"line":44,"type":"binary-expr","locations":[{"start":{"line":44,"column":23},"end":{"line":44,"column":37}},{"start":{"line":45,"column":20},"end":{"line":45,"column":61}},{"start":{"line":46,"column":20},"end":{"line":46,"column":70}},{"start":{"line":47,"column":20},"end":{"line":47,"column":26}}]},"3":{"line":51,"type":"cond-expr","locations":[{"start":{"line":52,"column":14},"end":{"line":52,"column":20}},{"start":{"line":53,"column":14},"end":{"line":53,"column":20}}]},"4":{"line":55,"type":"binary-expr","locations":[{"start":{"line":55,"column":16},"end":{"line":55,"column":44}},{"start":{"line":55,"column":49},"end":{"line":57,"column":43}}]},"5":{"line":55,"type":"cond-expr","locations":[{"start":{"line":56,"column":14},"end":{"line":56,"column":52}},{"start":{"line":57,"column":14},"end":{"line":57,"column":43}}]},"6":{"line":61,"type":"switch","locations":[{"start":{"line":68,"column":4},"end":{"line":150,"column":14},"skip":true},{"start":{"line":156,"column":4},"end":{"line":324,"column":14},"skip":true}]},"7":{"line":70,"type":"if","locations":[{"start":{"line":70,"column":12},"end":{"line":70,"column":12},"skip":true},{"start":{"line":70,"column":12},"end":{"line":70,"column":12},"skip":true}]},"8":{"line":70,"type":"binary-expr","locations":[{"start":{"line":70,"column":16},"end":{"line":70,"column":22},"skip":true},{"start":{"line":70,"column":27},"end":{"line":70,"column":32},"skip":true},{"start":{"line":71,"column":20},"end":{"line":71,"column":39},"skip":true},{"start":{"line":72,"column":20},"end":{"line":72,"column":49},"skip":true},{"start":{"line":73,"column":20},"end":{"line":73,"column":58},"skip":true},{"start":{"line":74,"column":20},"end":{"line":74,"column":69},"skip":true}]},"9":{"line":79,"type":"switch","locations":[{"start":{"line":80,"column":20},"end":{"line":80,"column":33},"skip":true},{"start":{"line":81,"column":20},"end":{"line":83,"column":30},"skip":true},{"start":{"line":84,"column":20},"end":{"line":85,"column":49},"skip":true}]},"10":{"line":89,"type":"switch","locations":[{"start":{"line":90,"column":12},"end":{"line":103,"column":22},"skip":true},{"start":{"line":105,"column":12},"end":{"line":106,"column":22},"skip":true}]},"11":{"line":89,"type":"binary-expr","locations":[{"start":{"line":89,"column":20},"end":{"line":89,"column":25},"skip":true},{"start":{"line":89,"column":29},"end":{"line":89,"column":48},"skip":true},{"start":{"line":89,"column":52},"end":{"line":89,"column":74},"skip":true}]},"12":{"line":92,"type":"if","locations":[{"start":{"line":92,"column":16},"end":{"line":92,"column":16},"skip":true},{"start":{"line":92,"column":16},"end":{"line":92,"column":16},"skip":true}]},"13":{"line":108,"type":"if","locations":[{"start":{"line":108,"column":12},"end":{"line":108,"column":12},"skip":true},{"start":{"line":108,"column":12},"end":{"line":108,"column":12},"skip":true}]},"14":{"line":108,"type":"binary-expr","locations":[{"start":{"line":108,"column":16},"end":{"line":108,"column":61},"skip":true},{"start":{"line":108,"column":66},"end":{"line":108,"column":72},"skip":true},{"start":{"line":108,"column":77},"end":{"line":108,"column":82},"skip":true},{"start":{"line":109,"column":20},"end":{"line":109,"column":39},"skip":true},{"start":{"line":110,"column":20},"end":{"line":110,"column":49},"skip":true},{"start":{"line":111,"column":20},"end":{"line":111,"column":58},"skip":true},{"start":{"line":112,"column":20},"end":{"line":112,"column":68},"skip":true}]},"15":{"line":129,"type":"if","locations":[{"start":{"line":129,"column":16},"end":{"line":129,"column":16},"skip":true},{"start":{"line":129,"column":16},"end":{"line":129,"column":16},"skip":true}]},"16":{"line":134,"type":"cond-expr","locations":[{"start":{"line":135,"column":26},"end":{"line":135,"column":29},"skip":true},{"start":{"line":136,"column":26},"end":{"line":136,"column":54},"skip":true}]},"17":{"line":164,"type":"binary-expr","locations":[{"start":{"line":164,"column":27},"end":{"line":164,"column":43},"skip":true},{"start":{"line":164,"column":47},"end":{"line":164,"column":49},"skip":true}]},"18":{"line":258,"type":"if","locations":[{"start":{"line":258,"column":8},"end":{"line":258,"column":8},"skip":true},{"start":{"line":258,"column":8},"end":{"line":258,"column":8},"skip":true}]},"19":{"line":275,"type":"switch","locations":[{"start":{"line":276,"column":20},"end":{"line":277,"column":64},"skip":true},{"start":{"line":278,"column":20},"end":{"line":279,"column":40},"skip":true},{"start":{"line":280,"column":20},"end":{"line":281,"column":40},"skip":true},{"start":{"line":282,"column":20},"end":{"line":283,"column":39},"skip":true}]},"20":{"line":288,"type":"if","locations":[{"start":{"line":288,"column":8},"end":{"line":288,"column":8},"skip":true},{"start":{"line":288,"column":8},"end":{"line":288,"column":8},"skip":true}]},"21":{"line":288,"type":"binary-expr","locations":[{"start":{"line":288,"column":12},"end":{"line":288,"column":40},"skip":true},{"start":{"line":288,"column":44},"end":{"line":288,"column":67},"skip":true}]},"22":{"line":292,"type":"binary-expr","locations":[{"start":{"line":292,"column":12},"end":{"line":292,"column":50},"skip":true},{"start":{"line":293,"column":12},"end":{"line":293,"column":53},"skip":true}]},"23":{"line":297,"type":"binary-expr","locations":[{"start":{"line":297,"column":12},"end":{"line":297,"column":66},"skip":true},{"start":{"line":298,"column":12},"end":{"line":301,"column":36},"skip":true}]},"24":{"line":303,"type":"binary-expr","locations":[{"start":{"line":303,"column":43},"end":{"line":303,"column":75},"skip":true},{"start":{"line":303,"column":79},"end":{"line":303,"column":81},"skip":true}]},"25":{"line":306,"type":"if","locations":[{"start":{"line":306,"column":8},"end":{"line":306,"column":8},"skip":true},{"start":{"line":306,"column":8},"end":{"line":306,"column":8},"skip":true}]},"26":{"line":310,"type":"if","locations":[{"start":{"line":310,"column":8},"end":{"line":310,"column":8},"skip":true},{"start":{"line":310,"column":8},"end":{"line":310,"column":8},"skip":true}]},"27":{"line":313,"type":"binary-expr","locations":[{"start":{"line":313,"column":27},"end":{"line":313,"column":43},"skip":true},{"start":{"line":313,"column":47},"end":{"line":313,"column":53},"skip":true}]},"28":{"line":317,"type":"if","locations":[{"start":{"line":317,"column":12},"end":{"line":317,"column":12},"skip":true},{"start":{"line":317,"column":12},"end":{"line":317,"column":12},"skip":true}]}},"code":["/*","example.js","","quickstart example","","instruction","    1. save this script as example.js","    2. run the shell command:","        $ npm install npmtest-licenses && PORT=8081 node example.js","    3. play with the browser-demo on http://127.0.0.1:8081","*/","","","","/* istanbul instrument in package npmtest_licenses */","/*jslint","    bitwise: true,","    browser: true,","    maxerr: 8,","    maxlen: 96,","    node: true,","    nomen: true,","    regexp: true,","    stupid: true","*/","(function () {","    'use strict';","    var local;","","","","    // run shared js-env code - pre-init","    (function () {","        // init local","        local = {};","        // init modeJs","        local.modeJs = (function () {","            try {","                return typeof navigator.userAgent === 'string' &&","                    typeof document.querySelector('body') === 'object' &&","                    typeof XMLHttpRequest.prototype.open === 'function' &&","                    'browser';","            } catch (errorCaughtBrowser) {","                return module.exports &&","                    typeof process.versions.node === 'string' &&","                    typeof require('http').createServer === 'function' &&","                    'node';","            }","        }());","        // init global","        local.global = local.modeJs === 'browser'","            ? window","            : global;","        // init utility2_rollup","        local = local.global.utility2_rollup || (local.modeJs === 'browser'","            ? local.global.utility2_npmtest_licenses","            : global.utility2_moduleExports);","        // export local","        local.global.local = local;","    }());","    switch (local.modeJs) {","","","","    // post-init","    // run browser js-env code - post-init","    /* istanbul ignore next */","    case 'browser':","        local.testRunBrowser = function (event) {","            if (!event || (event &&","                    event.currentTarget &&","                    event.currentTarget.className &&","                    event.currentTarget.className.includes &&","                    event.currentTarget.className.includes('onreset'))) {","                // reset output","                Array.from(","                    document.querySelectorAll('body > .resettable')","                ).forEach(function (element) {","                    switch (element.tagName) {","                    case 'INPUT':","                    case 'TEXTAREA':","                        element.value = '';","                        break;","                    default:","                        element.textContent = '';","                    }","                });","            }","            switch (event && event.currentTarget && event.currentTarget.id) {","            case 'testRunButton1':","                // show tests","                if (document.querySelector('#testReportDiv1').style.display === 'none') {","                    document.querySelector('#testReportDiv1').style.display = 'block';","                    document.querySelector('#testRunButton1').textContent =","                        'hide internal test';","                    local.modeTest = true;","                    local.testRunDefault(local);","                // hide tests","                } else {","                    document.querySelector('#testReportDiv1').style.display = 'none';","                    document.querySelector('#testRunButton1').textContent = 'run internal test';","                }","                break;","            // custom-case","            default:","                break;","            }","            if (document.querySelector('#inputTextareaEval1') && (!event || (event &&","                    event.currentTarget &&","                    event.currentTarget.className &&","                    event.currentTarget.className.includes &&","                    event.currentTarget.className.includes('oneval')))) {","                // try to eval input-code","                try {","                    /*jslint evil: true*/","                    eval(document.querySelector('#inputTextareaEval1').value);","                } catch (errorCaught) {","                    console.error(errorCaught);","                }","            }","        };","        // log stderr and stdout to #outputTextareaStdout1","        ['error', 'log'].forEach(function (key) {","            console[key + '_original'] = console[key];","            console[key] = function () {","                var element;","                console[key + '_original'].apply(console, arguments);","                element = document.querySelector('#outputTextareaStdout1');","                if (!element) {","                    return;","                }","                // append text to #outputTextareaStdout1","                element.value += Array.from(arguments).map(function (arg) {","                    return typeof arg === 'string'","                        ? arg","                        : JSON.stringify(arg, null, 4);","                }).join(' ') + '\\n';","                // scroll textarea to bottom","                element.scrollTop = element.scrollHeight;","            };","        });","        // init event-handling","        ['change', 'click', 'keyup'].forEach(function (event) {","            Array.from(document.querySelectorAll('.on' + event)).forEach(function (element) {","                element.addEventListener(event, local.testRunBrowser);","            });","        });","        // run tests","        local.testRunBrowser();","        break;","","","","    // run node js-env code - post-init","    /* istanbul ignore next */","    case 'node':","        // export local","        module.exports = local;","        // require modules","        local.fs = require('fs');","        local.http = require('http');","        local.url = require('url');","        // init assets","        local.assetsDict = local.assetsDict || {};","        /* jslint-ignore-begin */","        local.assetsDict['/assets.index.template.html'] = '\\","<!doctype html>\\n\\","<html lang=\"en\">\\n\\","<head>\\n\\","<meta charset=\"UTF-8\">\\n\\","<meta name=\"viewport\" content=\"width=device-width, initial-scale=1\">\\n\\","<title>{{env.npm_package_name}} (v{{env.npm_package_version}})</title>\\n\\","<style>\\n\\","/*csslint\\n\\","    box-sizing: false,\\n\\","    universal-selector: false\\n\\","*/\\n\\","* {\\n\\","    box-sizing: border-box;\\n\\","}\\n\\","body {\\n\\","    background: #dde;\\n\\","    font-family: Arial, Helvetica, sans-serif;\\n\\","    margin: 2rem;\\n\\","}\\n\\","body > * {\\n\\","    margin-bottom: 1rem;\\n\\","}\\n\\",".utility2FooterDiv {\\n\\","    margin-top: 20px;\\n\\","    text-align: center;\\n\\","}\\n\\","</style>\\n\\","<style>\\n\\","/*csslint\\n\\","*/\\n\\","textarea {\\n\\","    font-family: monospace;\\n\\","    height: 10rem;\\n\\","    width: 100%;\\n\\","}\\n\\","textarea[readonly] {\\n\\","    background: #ddd;\\n\\","}\\n\\","</style>\\n\\","</head>\\n\\","<body>\\n\\","<!-- utility2-comment\\n\\","<div id=\"ajaxProgressDiv1\" style=\"background: #d00; height: 2px; left: 0; margin: 0; padding: 0; position: fixed; top: 0; transition: background 0.5s, width 1.5s; width: 25%;\"></div>\\n\\","utility2-comment -->\\n\\","<h1>\\n\\","<!-- utility2-comment\\n\\","    <a\\n\\","        {{#if env.npm_package_homepage}}\\n\\","        href=\"{{env.npm_package_homepage}}\"\\n\\","        {{/if env.npm_package_homepage}}\\n\\","        target=\"_blank\"\\n\\","    >\\n\\","utility2-comment -->\\n\\","        {{env.npm_package_name}} (v{{env.npm_package_version}})\\n\\","<!-- utility2-comment\\n\\","    </a>\\n\\","utility2-comment -->\\n\\","</h1>\\n\\","<h3>{{env.npm_package_description}}</h3>\\n\\","<!-- utility2-comment\\n\\","<h4><a download href=\"assets.app.js\">download standalone app</a></h4>\\n\\","<button class=\"onclick onreset\" id=\"testRunButton1\">run internal test</button><br>\\n\\","<div id=\"testReportDiv1\" style=\"display: none;\"></div>\\n\\","utility2-comment -->\\n\\","\\n\\","\\n\\","\\n\\","<label>stderr and stdout</label>\\n\\","<textarea class=\"resettable\" id=\"outputTextareaStdout1\" readonly></textarea>\\n\\","<!-- utility2-comment\\n\\","{{#if isRollup}}\\n\\","<script src=\"assets.app.js\"></script>\\n\\","{{#unless isRollup}}\\n\\","utility2-comment -->\\n\\","<script src=\"assets.utility2.rollup.js\"></script>\\n\\","<script src=\"jsonp.utility2._stateInit?callback=window.utility2._stateInit\"></script>\\n\\","<script src=\"assets.npmtest_licenses.rollup.js\"></script>\\n\\","<script src=\"assets.example.js\"></script>\\n\\","<script src=\"assets.test.js\"></script>\\n\\","<!-- utility2-comment\\n\\","{{/if isRollup}}\\n\\","utility2-comment -->\\n\\","<div class=\"utility2FooterDiv\">\\n\\","    [ this app was created with\\n\\","    <a href=\"https://github.com/kaizhu256/node-utility2\" target=\"_blank\">utility2</a>\\n\\","    ]\\n\\","</div>\\n\\","</body>\\n\\","</html>\\n\\","';","        /* jslint-ignore-end */","        if (local.templateRender) {","            local.assetsDict['/'] = local.templateRender(","                local.assetsDict['/assets.index.template.html'],","                {","                    env: local.objectSetDefault(local.env, {","                        npm_package_description: 'the greatest app in the world!',","                        npm_package_name: 'my-app',","                        npm_package_nameAlias: 'my_app',","                        npm_package_version: '0.0.1'","                    })","                }","            );","        } else {","            local.assetsDict['/'] = local.assetsDict['/assets.index.template.html']","                .replace((/\\{\\{env\\.(\\w+?)\\}\\}/g), function (match0, match1) {","                    // jslint-hack","                    String(match0);","                    switch (match1) {","                    case 'npm_package_description':","                        return 'the greatest app in the world!';","                    case 'npm_package_name':","                        return 'my-app';","                    case 'npm_package_nameAlias':","                        return 'my_app';","                    case 'npm_package_version':","                        return '0.0.1';","                    }","                });","        }","        // run the cli","        if (local.global.utility2_rollup || module !== require.main) {","            break;","        }","        local.assetsDict['/assets.example.js'] =","            local.assetsDict['/assets.example.js'] ||","            local.fs.readFileSync(__filename, 'utf8');","        // bug-workaround - long $npm_package_buildCustomOrg","        /* jslint-ignore-begin */","        local.assetsDict['/assets.npmtest_licenses.rollup.js'] =","            local.assetsDict['/assets.npmtest_licenses.rollup.js'] ||","            local.fs.readFileSync(","                local.npmtest_licenses.__dirname + '/lib.npmtest_licenses.js',","                'utf8'","            ).replace((/^#!/), '//');","        /* jslint-ignore-end */","        local.assetsDict['/favicon.ico'] = local.assetsDict['/favicon.ico'] || '';","        // if $npm_config_timeout_exit exists,","        // then exit this process after $npm_config_timeout_exit ms","        if (Number(process.env.npm_config_timeout_exit)) {","            setTimeout(process.exit, Number(process.env.npm_config_timeout_exit));","        }","        // start server","        if (local.global.utility2_serverHttp1) {","            break;","        }","        process.env.PORT = process.env.PORT || '8081';","        console.error('server starting on port ' + process.env.PORT);","        local.http.createServer(function (request, response) {","            request.urlParsed = local.url.parse(request.url);","            if (local.assetsDict[request.urlParsed.pathname] !== undefined) {","                response.end(local.assetsDict[request.urlParsed.pathname]);","                return;","            }","            response.statusCode = 404;","            response.end();","        }).listen(process.env.PORT);","        break;","    }","}());",""],"l":{"26":2,"28":2,"33":2,"35":2,"37":2,"38":2,"39":2,"44":1,"51":2,"55":2,"59":2,"61":2,"69":1,"70":2,"76":2,"79":2,"82":2,"83":2,"85":1,"89":2,"92":1,"93":1,"94":1,"96":1,"97":1,"100":1,"101":1,"103":1,"106":1,"108":2,"114":1,"116":1,"118":1,"123":1,"124":2,"125":2,"126":3,"127":3,"128":3,"129":3,"130":1,"133":3,"134":3,"139":3,"143":1,"144":3,"145":1,"149":1,"150":1,"158":1,"160":1,"161":1,"162":1,"164":1,"166":1,"258":1,"259":1,"271":1,"274":6,"275":6,"277":1,"279":2,"281":1,"283":2,"288":1,"289":1,"291":1,"296":1,"303":1,"306":1,"307":1,"310":1,"311":1,"313":1,"314":1,"315":1,"316":1,"317":1,"318":1,"319":1,"321":1,"322":1,"324":1}},"/home/travis/build/npmtest/node-npmtest-licenses/node_modules/licenses/index.js":{"path":"/home/travis/build/npmtest/node-npmtest-licenses/node_modules/licenses/index.js","s":{"1":1,"2":1,"3":1,"4":0,"5":0,"6":0,"7":0,"8":0,"9":0,"10":0,"11":0,"12":0,"13":0,"14":0,"15":0,"16":0,"17":0,"18":0,"19":0,"20":0,"21":0,"22":0,"23":0,"24":0,"25":0,"26":0,"27":0,"28":0,"29":0,"30":0,"31":0,"32":0,"33":0,"34":0,"35":0,"36":0,"37":0,"38":0,"39":0,"40":1,"41":0,"42":1,"43":1,"44":1,"45":1,"46":1,"47":1,"48":1,"49":1,"50":1},"b":{"1":[0,0],"2":[0,0],"3":[0,0],"4":[0,0],"5":[0,0],"6":[0,0],"7":[0,0],"8":[0,0],"9":[0,0],"10":[0,0],"11":[0,0],"12":[0,0],"13":[0,0],"14":[0,0],"15":[0,0]},"f":{"1":0,"2":0,"3":0,"4":0,"5":0,"6":0,"7":0,"8":0},"fnMap":{"1":{"name":"parse","line":25,"loc":{"start":{"line":25,"column":0},"end":{"line":25,"column":34}}},"2":{"name":"fetch","line":52,"loc":{"start":{"line":52,"column":4},"end":{"line":52,"column":25}}},"3":{"name":"search","line":61,"loc":{"start":{"line":61,"column":4},"end":{"line":61,"column":32}}},"4":{"name":"does","line":69,"loc":{"start":{"line":69,"column":21},"end":{"line":69,"column":41}}},"5":{"name":"parsed","line":77,"loc":{"start":{"line":77,"column":36},"end":{"line":77,"column":66}}},"6":{"name":"select","line":85,"loc":{"start":{"line":85,"column":9},"end":{"line":85,"column":27}}},"7":{"name":"cleanup","line":87,"loc":{"start":{"line":87,"column":9},"end":{"line":87,"column":31}}},"8":{"name":"info","line":110,"loc":{"start":{"line":110,"column":13},"end":{"line":110,"column":33}}}},"statementMap":{"1":{"start":{"line":3,"column":0},"end":{"line":6,"column":25}},"2":{"start":{"line":8,"column":0},"end":{"line":8,"column":13}},"3":{"start":{"line":25,"column":0},"end":{"line":93,"column":1}},"4":{"start":{"line":26,"column":2},"end":{"line":29,"column":3}},"5":{"start":{"line":27,"column":4},"end":{"line":27,"column":17}},"6":{"start":{"line":28,"column":4},"end":{"line":28,"column":19}},"7":{"start":{"line":34,"column":2},"end":{"line":34,"column":52}},"8":{"start":{"line":34,"column":17},"end":{"line":34,"column":52}},"9":{"start":{"line":36,"column":2},"end":{"line":36,"column":26}},"10":{"start":{"line":37,"column":2},"end":{"line":37,"column":44}},"11":{"start":{"line":38,"column":2},"end":{"line":38,"column":69}},"12":{"start":{"line":39,"column":2},"end":{"line":39,"column":68}},"13":{"start":{"line":40,"column":2},"end":{"line":45,"column":5}},"14":{"start":{"line":47,"column":2},"end":{"line":92,"column":9}},"15":{"start":{"line":53,"column":6},"end":{"line":53,"column":65}},"16":{"start":{"line":53,"column":36},"end":{"line":53,"column":65}},"17":{"start":{"line":55,"column":6},"end":{"line":55,"column":45}},"18":{"start":{"line":62,"column":6},"end":{"line":62,"column":47}},"19":{"start":{"line":62,"column":33},"end":{"line":62,"column":47}},"20":{"start":{"line":63,"column":6},"end":{"line":63,"column":46}},"21":{"start":{"line":63,"column":31},"end":{"line":63,"column":46}},"22":{"start":{"line":65,"column":6},"end":{"line":65,"column":69}},"23":{"start":{"line":67,"column":6},"end":{"line":67,"column":31}},"24":{"start":{"line":69,"column":6},"end":{"line":90,"column":9}},"25":{"start":{"line":70,"column":8},"end":{"line":70,"column":37}},"26":{"start":{"line":71,"column":8},"end":{"line":71,"column":37}},"27":{"start":{"line":73,"column":8},"end":{"line":73,"column":51}},"28":{"start":{"line":73,"column":37},"end":{"line":73,"column":51}},"29":{"start":{"line":75,"column":8},"end":{"line":75,"column":79}},"30":{"start":{"line":77,"column":8},"end":{"line":84,"column":11}},"31":{"start":{"line":78,"column":10},"end":{"line":78,"column":33}},"32":{"start":{"line":78,"column":19},"end":{"line":78,"column":33}},"33":{"start":{"line":80,"column":10},"end":{"line":80,"column":27}},"34":{"start":{"line":81,"column":10},"end":{"line":81,"column":68}},"35":{"start":{"line":81,"column":22},"end":{"line":81,"column":68}},"36":{"start":{"line":83,"column":10},"end":{"line":83,"column":17}},"37":{"start":{"line":86,"column":8},"end":{"line":86,"column":47}},"38":{"start":{"line":88,"column":8},"end":{"line":88,"column":23}},"39":{"start":{"line":89,"column":8},"end":{"line":89,"column":32}},"40":{"start":{"line":110,"column":0},"end":{"line":112,"column":2}},"41":{"start":{"line":111,"column":2},"end":{"line":111,"column":35}},"42":{"start":{"line":118,"column":0},"end":{"line":118,"column":39}},"43":{"start":{"line":119,"column":0},"end":{"line":119,"column":37}},"44":{"start":{"line":120,"column":0},"end":{"line":120,"column":36}},"45":{"start":{"line":121,"column":0},"end":{"line":121,"column":36}},"46":{"start":{"line":126,"column":0},"end":{"line":126,"column":19}},"47":{"start":{"line":127,"column":0},"end":{"line":127,"column":60}},"48":{"start":{"line":128,"column":0},"end":{"line":128,"column":59}},"49":{"start":{"line":129,"column":0},"end":{"line":129,"column":58}},"50":{"start":{"line":134,"column":0},"end":{"line":134,"column":23}}},"branchMap":{"1":{"line":26,"type":"if","locations":[{"start":{"line":26,"column":2},"end":{"line":26,"column":2}},{"start":{"line":26,"column":2},"end":{"line":26,"column":2}}]},"2":{"line":34,"type":"if","locations":[{"start":{"line":34,"column":2},"end":{"line":34,"column":2}},{"start":{"line":34,"column":2},"end":{"line":34,"column":2}}]},"3":{"line":36,"type":"binary-expr","locations":[{"start":{"line":36,"column":12},"end":{"line":36,"column":19}},{"start":{"line":36,"column":23},"end":{"line":36,"column":25}}]},"4":{"line":37,"type":"binary-expr","locations":[{"start":{"line":37,"column":20},"end":{"line":37,"column":35}},{"start":{"line":37,"column":39},"end":{"line":37,"column":43}}]},"5":{"line":38,"type":"binary-expr","locations":[{"start":{"line":38,"column":18},"end":{"line":38,"column":31}},{"start":{"line":38,"column":35},"end":{"line":38,"column":68}}]},"6":{"line":39,"type":"binary-expr","locations":[{"start":{"line":39,"column":21},"end":{"line":39,"column":37}},{"start":{"line":39,"column":41},"end":{"line":39,"column":67}}]},"7":{"line":40,"type":"cond-expr","locations":[{"start":{"line":41,"column":6},"end":{"line":41,"column":22}},{"start":{"line":42,"column":6},"end":{"line":45,"column":4}}]},"8":{"line":43,"type":"binary-expr","locations":[{"start":{"line":43,"column":14},"end":{"line":43,"column":30}},{"start":{"line":43,"column":34},"end":{"line":43,"column":60}}]},"9":{"line":53,"type":"if","locations":[{"start":{"line":53,"column":6},"end":{"line":53,"column":6}},{"start":{"line":53,"column":6},"end":{"line":53,"column":6}}]},"10":{"line":62,"type":"if","locations":[{"start":{"line":62,"column":6},"end":{"line":62,"column":6}},{"start":{"line":62,"column":6},"end":{"line":62,"column":6}}]},"11":{"line":63,"type":"if","locations":[{"start":{"line":63,"column":6},"end":{"line":63,"column":6}},{"start":{"line":63,"column":6},"end":{"line":63,"column":6}}]},"12":{"line":73,"type":"if","locations":[{"start":{"line":73,"column":8},"end":{"line":73,"column":8}},{"start":{"line":73,"column":8},"end":{"line":73,"column":8}}]},"13":{"line":78,"type":"if","locations":[{"start":{"line":78,"column":10},"end":{"line":78,"column":10}},{"start":{"line":78,"column":10},"end":{"line":78,"column":10}}]},"14":{"line":81,"type":"if","locations":[{"start":{"line":81,"column":10},"end":{"line":81,"column":10}},{"start":{"line":81,"column":10},"end":{"line":81,"column":10}}]},"15":{"line":86,"type":"binary-expr","locations":[{"start":{"line":86,"column":15},"end":{"line":86,"column":22}},{"start":{"line":86,"column":26},"end":{"line":86,"column":46}}]}},"code":["'use strict';","","var debug = require('debug')('licenses::parse')","  , opensource = require('./opensource')","  , async = require('async')","  , url = require('url');","","var Registry;","","/**"," * Start searching for license information for the given module name."," *"," * Options:"," *"," * - githulk: A pre-configured githulk instance."," * - order: The order of resolving license information."," * - npmjs: A pre-configured npm-registry instance."," * - registry: A registry to use for the npmjs instance."," *"," * @param {Mixed} name The module name or the package.json contents."," * @param {Object} options Configuration of the parse process."," * @param {Function} fn Callback."," * @api public"," */","function parse(name, options, fn) {","  if ('function' === typeof options) {","    fn = options;","    options = null;","  }","","  //","  // Fix circular require.","  //","  if (!Registry) Registry = require('npm-registry');","","  options = options || {};","  options.githulk = options.githulk || null;","  options.order = options.order || ['registry', 'github', 'content'];","  options.registry = options.registry || Registry.mirrors.nodejitsu;","  options.npmjs = 'string' !== typeof options.registry","    ? options.registry","    : new Registry({","    registry: options.registry || Registry.mirrors.nodejitsu,","    githulk: options.githulk","  });","","  async.waterfall([","    //","    // Make sure that we have the correct contents to start searching for","    // license information.","    //","    function fetch(next) {","      if ('string' !== typeof name) return next(undefined, name);","","      options.npmjs.packages.get(name, next);","    },","","    //","    // Search for the correct way of parsing out the license information.","    //","    function search(data, next) {","      if (!options.order.length) return next();","      if (Array.isArray(data)) data = data[0];","","      debug('searching for licensing information for %s', data.name);","","      var parser, result, name;","","      async.doWhilst(function does(next) {","        name = options.order.shift();","        parser = parse.parsers[name];","","        if (!parser.supported(data)) return next();","","        debug('attempting to extract the license information using: %s', name);","","        parser.parse(data, options, function parsed(err, license) {","          if (err) return next();","","          result = license;","          if (result) debug('parsing with %s was successful', name);","","          next();","        });","      }, function select() {","        return !result && options.order.length;","      }, function cleanup(err) {","        options = null;","        next(err, result, name);","      });","    }","  ], fn);","}","","/**"," * Retrieve addition license information based on the returned results. The"," * returned object can contain the following properties"," *"," * - full: A human readable but long string of the license name."," * - name: The same name as you already provided."," * - id: An uppercase unique ID of the license."," *"," * - file *optional*: The name of license file's content."," * - url *optional*: The location where people can read the terms."," *"," * @param {String} name The name of the license."," * @returns {Object|Undefined}"," * @api public"," */","parse.info = function info(name) {","  return opensource.licenses[name];","};","","//","// Expose the Parser class so we easily add new parsers through third-party if","// needed. (Think bitbucket and other code hosting sites)","//","parse.Registry = require('./registry'); // Parse license out of package","parse.Content = require('./content');   // Parse license of out file content.","parse.Parser  = require('./parser');    // Base parser class.","parse.Github  = require('./github');    // Parse license info from github.","","//","// Expose our primary parsers that we can leverage to retrieve license content.","//","parse.parsers = {};","parse.parsers.registry  = new parse.Registry(parse.parsers);","parse.parsers.content   = new parse.Content(parse.parsers);","parse.parsers.github    = new parse.Github(parse.parsers);","","//","// Expose the actual module.","//","module.exports = parse;",""],"l":{"3":1,"8":1,"25":1,"26":0,"27":0,"28":0,"34":0,"36":0,"37":0,"38":0,"39":0,"40":0,"47":0,"53":0,"55":0,"62":0,"63":0,"65":0,"67":0,"69":0,"70":0,"71":0,"73":0,"75":0,"77":0,"78":0,"80":0,"81":0,"83":0,"86":0,"88":0,"89":0,"110":1,"111":0,"118":1,"119":1,"120":1,"121":1,"126":1,"127":1,"128":1,"129":1,"134":1}},"/home/travis/build/npmtest/node-npmtest-licenses/node_modules/licenses/opensource.js":{"path":"/home/travis/build/npmtest/node-npmtest-licenses/node_modules/licenses/opensource.js","s":{"1":1,"2":1,"3":1,"4":98,"5":98,"6":98},"b":{},"f":{"1":98},"fnMap":{"1":{"name":"each","line":719,"loc":{"start":{"line":719,"column":6},"end":{"line":719,"column":29}}}},"statementMap":{"1":{"start":{"line":9,"column":0},"end":{"line":9,"column":36}},"2":{"start":{"line":17,"column":0},"end":{"line":17,"column":39}},"3":{"start":{"line":25,"column":0},"end":{"line":724,"column":3}},"4":{"start":{"line":720,"column":2},"end":{"line":720,"column":43}},"5":{"start":{"line":721,"column":2},"end":{"line":721,"column":43}},"6":{"start":{"line":723,"column":2},"end":{"line":723,"column":17}}},"branchMap":{},"code":["'use strict';","","/**"," * Contains a mapping for license id -> license name."," *"," * @type {Object}"," * @public"," */","exports.types = Object.create(null);","","/**"," * Contains a mapping for license name -> license object."," *"," * @type {Object}"," * @public"," */","exports.licenses = Object.create(null);","","/**"," * The full license information."," *"," * @type {Array}"," * @public"," */","exports.full = [","  {","    id: 'AFL2',","    name: 'AFL 2.1',","    full: 'Academic Free License 2.1',","    file: 'AFL2.1.txt'","  },","  {","    id: 'AFL3',","    name: 'AFL 3.0',","    full: 'Academic Free License 3.0',","    url: 'http://opensource.org/licenses/AFL-3.0',","    tldr: 'https://tldrlegal.com/license/academic-free-license-3.0-(afl)',","    file: 'AFL3.0.txt'","  },","  {","    id: 'AGPL3',","    name: 'AGPL 3.0',","    full: 'GNU Affero General Public License 3.0',","    url: 'http://opensource.org/licenses/AGPL-3.0',","    tldr: 'https://tldrlegal.com/license/gnu-affero-general-public-license-v3-(agpl-3.0)',","    file: 'AGPL3.0.txt'","  },","  {","    id: 'CCBY4',","    name: 'CC 4.0 BY',","    full: 'Creative Commons Attribution 4.0',","    url: 'http://creativecommons.org/licenses/by/4.0/'","  },","  {","    id: 'CCBYND4',","    name: 'CC 4.0 BY-ND',","    full: 'Creative Commons Attribution NoDerivs 4.0',","    url: 'http://creativecommons.org/licenses/by-nd/4.0/'","  },","  {","    id: 'CCBYSA4',","    name: 'CC 4.0 BY-SA',","    full: 'Creative Commons Attribution ShareAlike 4.0',","    url: 'http://creativecommons.org/licenses/by-sa/4.0/'","  },","  {","    id: 'CCBYNC4',","    name: 'CC 4.0 BY-NC',","    full: 'Creative Commons Attribution Non Commerical 4.0',","    url: 'http://creativecommons.org/licenses/by-nc/4.0/'","  },","  {","    id: 'CCBYNCSA',","    name: 'CC 4.0 BY-NC-SA',","    full: 'Creative Commons Attribution Non Commerical ShareAlike 4.0',","    url: 'http://creativecommons.org/licenses/by-nc-sa/4.0/'","  },","  {","    id: 'CCBYNCND4',","    name: 'CC 4.0 BY-NC-ND',","    full: 'Creative Commons Attribution Non Commerical NoDerivs 4.0',","    url: 'http://creativecommons.org/licenses/by-nc-nd/4.0/'","  },","  {","    id: 'CCBY3',","    name: 'CC 3.0 BY',","    full: 'Creative Commons Attribution 3.0',","    url: 'http://creativecommons.org/licenses/by/3.0/'","  },","  {","    id: 'CCBYND3',","    name: 'CC 3.0 BY-ND',","    full: 'Creative Commons Attribution NoDerivs 3.0',","    url: 'http://creativecommons.org/licenses/by-nd/3.0/'","  },","  {","    id: 'CCBYSA3',","    name: 'CC 3.0 BY-SA',","    full: 'Creative Commons Attribution ShareAlike 3.0',","    url: 'http://creativecommons.org/licenses/by-sa/3.0/'","  },","  {","    id: 'CCBYNC3',","    name: 'CC 3.0 BY-NC',","    full: 'Creative Commons Attribution Non Commerical 3.0',","    url: 'http://creativecommons.org/licenses/by-nc/3.0/'","  },","  {","    id: 'CCBYNCSA3',","    name: 'CC 3.0 BY-NC-SA',","    full: 'Creative Commons Attribution Non Commerical ShareAlike 3.0',","    url: 'http://creativecommons.org/licenses/by-nc-sa/3.0/'","  },","  {","    id: 'CCBYNCND3',","    name: 'CC 3.0 BY-NC-ND',","    full: 'Creative Commons Attribution Non Commerical NoDerivs 3.0',","    url: 'http://creativecommons.org/licenses/by-nc-nd/3.0/'","  },","  {","    id: 'CCBY25',","    name: 'CC 2.5 BY',","    full: 'Creative Commons Attribution 2.5',","    url: 'http://creativecommons.org/licenses/by/2.5/'","  },","  {","    id: 'CCBYND25',","    name: 'CC 2.5 BY-ND',","    full: 'Creative Commons Attribution NoDerivs 2.5',","    url: 'http://creativecommons.org/licenses/by-nd/2.5/'","  },","  {","    id: 'CCBYSA25',","    name: 'CC 2.5 BY-SA',","    full: 'Creative Commons Attribution ShareAlike 2.5',","    url: 'http://creativecommons.org/licenses/by-sa/2.5/'","  },","  {","    id: 'CCBYNC25',","    name: 'CC 2.5 BY-NC',","    full: 'Creative Commons Attribution Non Commerical 2.5',","    url: 'http://creativecommons.org/licenses/by-nc/2.5/'","  },","  {","    id: 'CCBYNCSA25',","    name: 'CC 2.5 BY-NC-SA',","    full: 'Creative Commons Attribution Non Commerical ShareAlike 2.5',","    url: 'http://creativecommons.org/licenses/by-nc-sa/2.5/'","  },","  {","    id: 'CCBYNCND25',","    name: 'CC 2.5 BY-NC-ND',","    full: 'Creative Commons Attribution Non Commerical NoDerivs 2.5',","    url: 'http://creativecommons.org/licenses/by-nc-nd/2.5/'","  },","  {","    id: 'APL1',","    name: 'APL 1.0',","    full: 'Adaptive Public License',","    url: 'http://opensource.org/licenses/APL-1.0',","    file: 'APL-1.0.txt'","  },","  {","    id: 'ARTISTIC2',","    name: 'Artistic 2.0',","    full: 'Artistic license, Version 2.0',","    url: 'http://opensource.org/licenses/Artistic-2.0',","    tldr: 'https://tldrlegal.com/license/artistic-license-2.0-(artistic)',","    file: 'Artistic2.0.txt'","  },","  {","    id: 'Apache2',","    name: 'Apache 2.0',","    full: 'Apache License, Version 2.0',","    url: 'http://opensource.org/licenses/Apache-2.0',","    tldr: 'https://tldrlegal.com/license/apache-license-2.0-(apache-2.0)',","    file: 'Apache2.0.txt'","  },","  {","    id: 'APSL2',","    name: 'Apple 2.0',","    full: 'Apple Public Source License 2.0',","    url: 'http://opensource.org/licenses/APSL-2.0',","    tldr: 'https://tldrlegal.com/license/apple-public-source-license-2.0-(apsl)',","    file: 'APSL-2.0.txt'","  },","  {","    id: 'AAL',","    name: 'AAL',","    full: 'Attribution Assurance License',","    url: 'http://opensource.org/licenses/AAL',","    file: 'AAL.txt'","  },","  {","    id: 'Apache',","    name: 'Apache',","    full: 'Apache License, Version 1.0',","    url: 'http://www.apache.org/licenses/LICENSE-1.0',","    file: 'Apache1.0.txt'","  },","  {","    id: 'BEER',","    name: 'Beerware',","    full: 'BEER-WARE License',","    url: 'http://en.wikipedia.org/wiki/Beerware',","    tldr: 'https://tldrlegal.com/license/beerware-license',","    file: 'beerware.txt'","  },","  {","    id: 'BSD2',","    name: 'BSD 2-Clause',","    full: 'BSD 2-Clause \"Simplified\" or \"FreeBSD\" License',","    url: 'http://opensource.org/licenses/BSD-2-Clause',","    tldr: 'https://tldrlegal.com/license/bsd-2-clause-license-(freebsd)',","    file: 'BSD-2-Clause.txt'","  },","  {","    id: 'BSD3',","    name: 'BSD 3-Clause',","    full: 'BSD 3-Clause \"New\" or \"Revised\" License',","    url: 'http://opensource.org/licenses/BSD-3-Clause',","    tldr: 'https://tldrlegal.com/license/bsd-3-clause-license-(revised)',","    file: 'BSD-3-Clause.txt'","  },","  {","    id: 'BSD',","    name: 'BSD 4-Clause',","    full: 'BSD 4-Clause or Original BSD license',","    url: 'http://en.wikipedia.org/wiki/BSD_licenses#4-clause_license_.28original_.22BSD_License.22.29',","    file: 'BSD.txt'","  },","  {","    id: 'BSL1',","    name: 'BSL 1.0',","    full: 'Boost Software License',","    url: 'http://opensource.org/licenses/BSL-1.0',","    tldr: 'https://tldrlegal.com/license/boost-software-license-1.0-explained',","    file: 'BSL1.0.txt'","  },","  {","    id: 'CECILL21',","    name: 'CECILL-2.1',","    full: 'Cea Cnrs Inria Logiciel Libre License, version 2.1',","    url: 'http://opensource.org/licenses/CECILL-2.1',","    file: 'CECILL-2.1.txt'","  },","  {","    id: 'CATOSL11',","    name: 'CATOSL-1.1',","    full: 'Computer Associates Trusted Open Source License 1.1',","    url: 'http://opensource.org/licenses/CATOSL-1.1',","    file: 'CATOSL1.1.txt'","  },","  {","    id: 'CDDL1',","    name: 'CDDL 1.0',","    full: 'Common Development and Distribution License Version 1.0',","    url: 'http://opensource.org/licenses/CDDL-1.0',","    tldr: 'https://tldrlegal.com/license/common-development-and-distribution-license-(cddl-1.0)-explained',","    file: 'cddl1.txt'","  },","  {","    id: 'CPAL1',","    name: 'CPAL 1.0',","    full: 'Common Public Attribution License Version 1.0',","    url: 'http://opensource.org/licenses/CPAL-1.0',","    tldr: 'https://tldrlegal.com/license/common-public-attribution-license-version-1.0-(cpal-1.0)',","    file: 'CPAL1.0.txt'","  },","  {","    id: 'CUAOPL1',","    name: 'CUA-OPL 1.0',","    full: 'CUA Office Public License Version 1.0',","    url: 'http://opensource.org/licenses/CUA-OPL-1.0',","    file: 'CUAOPL1.0.txt'","  },","  {","    id: 'EUDATAGRID',","    name: 'EUDatagrid',","    full: 'EU DataGrid Software License',","    url: 'http://opensource.org/licenses/EUDatagrid',","    file: 'EUDATAGRID.txt'","  },","  {","    id: 'EPL1',","    name: 'EPL 1.0',","    full: 'Eclipse Public License 1.0',","    url: 'http://opensource.org/licenses/EPL-1.0',","    tldr: 'https://tldrlegal.com/license/eclipse-public-license-1.0-(epl-1.0)',","    file: 'EPL-1.0.txt'","  },","  {","    id: 'ECL2',","    name: 'ECL 2.0',","    full: 'Educational Community License, Version 2.0',","    url: 'http://opensource.org/licenses/ECL-2.0',","    file: 'ECL2.0.txt'","  },","  {","    id: 'EFL2',","    name: 'EFL 2.0',","    full: 'Eiffel Forum License, Version 2',","    url: 'http://opensource.org/licenses/EFL-2.0',","    file: 'EFL2.0.txt'","  },","  {","    id: 'ENTESSA',","    name: 'Entessa',","    full: 'Entessa Public License Version. 1.0',","    url: 'http://opensource.org/licenses/Entessa',","    file: 'ENTESSA.txt'","  },","  {","    id: 'EUPL1',","    name: 'EUPL 1.1',","    full: 'European Union Public License, version 1.1',","    url: 'https://joinup.ec.europa.eu/system/files/EN/EUPL%20v.1.1%20-%20Licence.pdf',","    tldr: 'https://tldrlegal.com/license/european-union-public-licence',","    file: 'EUPL1.1.txt'","  },","  {","    id: 'FAIR',","    name: 'Fair',","    full: 'Fair License',","    url: 'http://opensource.org/licenses/Fair',","    tldr: 'https://tldrlegal.com/license/fair-license',","    file: 'FAIR.txt'","  },","  {","    id: 'FRAMEWORX',","    name: 'Frameworx 1.0',","    full: 'The Frameworx Open License 1.0',","    url: 'http://opensource.org/licenses/Frameworx-1.0',","    file: 'Frameworx1.0.txt'","  },","  {","    id: 'GPL2',","    name: 'GPL 2.0',","    full: 'GNU General Public License version 2.0',","    url: 'http://opensource.org/licenses/GPL-2.0',","    tldr: 'https://tldrlegal.com/license/gnu-general-public-license-v2',","    file: 'GPL-2.0.txt'","  },","  {","    id: 'GPL3',","    name: 'GPL 3.0',","    full: 'GNU General Public License version 3.0',","    url: 'http://opensource.org/licenses/GPL-3.0',","    tldr: 'https://tldrlegal.com/license/gnu-general-public-license-v3-(gpl-3)',","    file: 'GPL-3.0.txt'","  },","  {","    id: 'GPL',","    name: 'GPL',","    full: 'GNU General Public License',","    url: 'https://www.gnu.org/copyleft/gpl.html',","    file: 'GPL.txt'","  },","  {","    id: 'ISC',","    name: 'ISC',","    full: 'ISC License',","    url: 'http://opensource.org/licenses/ISC',","    tldr: 'https://tldrlegal.com/license/-isc-license',","    file: 'ISC.txt'","  },","  {","    id: 'LPPL13',","    name: 'LPPL 1.3c',","    full: 'LaTeX Project Public License, Version 1.3c',","    url: 'http://opensource.org/licenses/LPPL-1.3c',","    file: 'LPPL-1.3.txt'","  },","  {","    id: 'LPL',","    name: 'LPL 1.02',","    full: 'Lucent Public License Version 1.02',","    url: 'http://opensource.org/licenses/LPL-1.02',","    file: 'LPL-1.02.txt'","  },","  {","    id: 'MIROS',","    name: 'MirOS',","    full: 'MirOS License',","    url: 'http://opensource.org/licenses/MirOS',","    file: 'MIROS.txt'","  },","  {","    id: 'MSPL',","    name: 'MS-PL',","    full: 'Microsoft Public License',","    url: 'http://opensource.org/licenses/MS-PL',","    file: 'MS-PL.txt'","  },","  {","    id: 'MSRL',","    name: 'MS-RL',","    full: 'Microsoft Reciprocal License',","    url: 'http://opensource.org/licenses/MS-RL',","    file: 'MS-RL.txt'","  },","  {","    id: 'JSON',","    name: 'JSON.org',","    full: 'The JSON License',","    url: 'http://www.json.org/license.html',","    file: 'JSON.txt'","  },","  {","    id: 'LGPL2',","    name: 'LGPL 2.1',","    full: 'GNU Library or \"Lesser\" General Public License version 2.1',","    url: 'http://opensource.org/licenses/LGPL-2.1',","    tldr: 'https://tldrlegal.com/license/gnu-lesser-general-public-license-v2.1-(lgpl-2.1)',","    file: 'LGPL-2.1.txt'","  },","  {","    id: 'LGPL3',","    name: 'LGPL 3.0',","    full: 'GNU Library or \"Lesser\" General Public License version 3.0',","    url: 'http://opensource.org/licenses/LGPL-3.0',","    file: 'LGPL-3.0.txt'","  },","  {","    id: 'LGPL',","    name: 'LGPL',","    full: 'GNU Lesser General Public License',","    url: 'https://www.gnu.org/licenses/lgpl.html',","    file: 'LGPL.txt'","  },","  {","    id: 'HPND',","    name: 'HPND',","    full: 'Historical Permission Notice and Disclaimer',","    url: 'http://opensource.org/licenses/HPND',","    file: 'HPND.txt'","  },","  {","    id: 'IPL1',","    name: 'IPL 1.0',","    full: 'IBM Public License Version 1.0',","    url: 'http://opensource.org/licenses/IPL-1.0',","    tldr: 'https://tldrlegal.com/license/ibm-public-license-1.0-(ipl)',","    file: 'IPL-1.0.txt'","  },","  {","    id: 'IPA',","    name: 'IPA',","    full: 'IPA Font License Agreement v1.0',","    url: 'http://opensource.org/licenses/IPA',","    tldr: 'https://tldrlegal.com/license/ipa-font-license-(ipa)',","    file: 'IPA.txt'","  },","  {","    id: 'MIT',","    name: 'MIT',","    full: 'The MIT License',","    url: 'http://opensource.org/licenses/MIT',","    tldr: 'https://tldrlegal.com/license/mit-license',","    file: 'MIT.txt'","  },","  {","    id: 'MOTOSOTO',","    name: 'Motosoto',","    full: 'Motosoto Open Source License',","    url: 'http://opensource.org/licenses/Motosoto',","    file: 'MOTOSOTO.txt'","  },","  {","    id: 'MPL2',","    name: 'MPL 2.0',","    full: 'Mozilla Public License 2.0',","    url: 'http://opensource.org/licenses/MPL-2.0',","    tldr: 'https://tldrlegal.com/license/mozilla-public-license-2.0-(mpl-2)',","    file: 'MPL-2.0.txt'","  },","  {","    id: 'MPL',","    name: 'MPL 1.0',","    full: 'Mozilla Public License Version 1.0',","    url: 'http://opensource.org/licenses/MPL-1.0',","    file: 'MPL-1.0.txt'","  },","  {","    id: 'MULTICS',","    name: 'Multics',","    full: 'Multics License',","    url: 'http://opensource.org/licenses/Multics',","    file: 'MULTICS.txt'","  },","  {","    id: 'NASA1',","    name: 'NASA 1.3',","    full: 'NASA Open Source Agreement v1.3',","    url: 'http://opensource.org/licenses/NASA-1.3',","    file: 'nasa.txt'","  },","  {","    id: 'NTP',","    name: 'NTP',","    full: 'NTP License',","    url: 'http://opensource.org/licenses/NTP',","    file: 'NTP.txt'","  },","  {","    id: 'NAUMEN',","    name: 'NAUMEN',","    full: 'NAUMEN Public License',","    url: 'http://opensource.org/licenses/Naumen',","    file: 'NAUMEN.txt'","  },","  {","    id: 'NGPL',","    name: 'NGPL',","    full: 'The Nethack General Public License',","    url: 'http://opensource.org/licenses/NGPL',","    file: 'NGPL.txt'","  },","  {","    id: 'NOKIA',","    name: 'Nokia',","    full: 'Nokia Open Source License',","    url: 'http://opensource.org/licenses/Nokia',","    file: 'Nokia.txt'","  },","  {","    id: 'NPOLSL30',","    name: 'NPOSL 3.0',","    full: 'Non-Profit Open Software License 3.0',","    url: 'http://opensource.org/licenses/NPOSL-3.0',","    file: 'NPOSL-3.0.txt'","  },","  {","    id: 'OCLC2',","    name: 'OCLC 2.0',","    full: 'The OCLC Research Public License 2.0 License',","    url: 'http://opensource.org/licenses/OCLC-2.0',","    file: 'OCLC-2.0.txt'","  },","  {","    id: 'OFL11',","    name: 'OFL 1.1',","    full: 'SIL Open Font License',","    url: 'http://opensource.org/licenses/OFL-1.1',","    tldr: 'https://tldrlegal.com/license/open-font-license-(ofl)-explained',","    file: 'OFL-1.1.txt'","  },","  {","    id: 'OSL30',","    name: 'OSL 3.0',","    full: 'Open Software License v. 3.0',","    url: 'http://opensource.org/licenses/OSL-3.0',","    file: 'OSL-3.0.txt'","  },","  {","    id: 'PHP30',","    name: 'PHP 3.0',","    full: 'PHP License 3.0',","    url: 'http://opensource.org/licenses/PHP-3.0',","    tldr: 'https://tldrlegal.com/license/php-license-3.0-(php)',","    file: 'PHP-3.0.txt'","  },","  {","    id: 'POSTGRESQL',","    name: 'PostgreSQL',","    full: 'PostgreSQL Licence',","    url: 'http://opensource.org/licenses/PostgreSQL',","    file: 'PostgreSQL.txt'","  },","  {","    id: 'PROPRIETARY',","    name: 'Proprietary',","    full: 'Proprietary'","  },","  {","    id: 'PSF',","    name: 'Python 2.0',","    full: 'Python Software Foundation License Version 2.0',","    url: 'http://opensource.org/licenses/Python-2.0',","    tldr: 'https://tldrlegal.com/license/python-license-2.0',","    file: 'Python2.txt'","  },","  {","    id: 'CNRI',","    name: 'CNRI Python',","    full: 'CNRI portion of the multi-part Python License',","    url: 'http://opensource.org/licenses/CNRI-Python',","    file: 'CNRI.txt'","  },","  {","    id: 'QPL',","    name: 'QPL 1.0',","    full: 'Q Public License Version 1.0',","    url: 'http://opens
[...]
t":{"line":3,"column":0},"end":{"line":3,"column":50}},"2":{"start":{"line":5,"column":0},"end":{"line":92,"column":3}},"3":{"start":{"line":23,"column":4},"end":{"line":23,"column":26}},"4":{"start":{"line":25,"column":4},"end":{"line":28,"column":5}},"5":{"start":{"line":26,"column":6},"end":{"line":26,"column":21}},"6":{"start":{"line":27,"column":6},"end":{"line":27,"column":19}},"7":{"start":{"line":34,"column":4},"end":{"line":34,"column":29}},"8":{"start":{"line":34,"column":15},"end":{"line":34,"column":29}},"9":{"start":{"line":41,"column":4},"end":{"line":55,"column":5}},"10":{"start":{"line":42,"column":6},"end":{"line":54,"column":9}},"11":{"start":{"line":44,"column":10},"end":{"line":51,"column":9}},"12":{"start":{"line":48,"column":12},"end":{"line":48,"column":57}},"13":{"start":{"line":49,"column":12},"end":{"line":49,"column":86}},"14":{"start":{"line":50,"column":10},"end":{"line":50,"column":22}},"15":{"start":{"line":53,"column":8},"end":{"line":53,"column":21}},"16":{"start":{"line":57,"column":4},"end":{"line":57,"column":42}},"17":{"start":{"line":58,"column":4},"end":{"line":64,"column":5}},"18":{"start":{"line":59,"column":6},"end":{"line":59,"column":40}},"19":{"start":{"line":61,"column":6},"end":{"line":61,"column":73}},"20":{"start":{"line":61,"column":19},"end":{"line":61,"column":73}},"21":{"start":{"line":63,"column":6},"end":{"line":63,"column":77}},"22":{"start":{"line":67,"column":4},"end":{"line":67,"column":45}},"23":{"start":{"line":78,"column":4},"end":{"line":78,"column":28}},"24":{"start":{"line":88,"column":4},"end":{"line":88,"column":59}},"25":{"start":{"line":88,"column":34},"end":{"line":88,"column":59}},"26":{"start":{"line":89,"column":4},"end":{"line":89,"column":69}},"27":{"start":{"line":89,"column":21},"end":{"line":89,"column":69}},"28":{"start":{"line":90,"column":4},"end":{"line":90,"column":34}},"29":{"start":{"line":90,"column":22},"end":{"line":90,"column":34}}},"branchMap":{"1":{"line":25,"type":"if","locations":[{"start":{"line":25,"column":4},"end":{"line":25,"column":4}},{"start":{"line":25,"column":4},"end":{"line":25,"column":4}}]},"2":{"line":34,"type":"if","locations":[{"start":{"line":34,"column":4},"end":{"line":34,"column":4}},{"start":{"line":34,"column":4},"end":{"line":34,"column":4}}]},"3":{"line":41,"type":"if","locations":[{"start":{"line":41,"column":4},"end":{"line":41,"column":4}},{"start":{"line":41,"column":4},"end":{"line":41,"column":4}}]},"4":{"line":41,"type":"binary-expr","locations":[{"start":{"line":41,"column":8},"end":{"line":41,"column":17}},{"start":{"line":41,"column":21},"end":{"line":41,"column":46}}]},"5":{"line":44,"type":"if","locations":[{"start":{"line":44,"column":10},"end":{"line":44,"column":10}},{"start":{"line":44,"column":10},"end":{"line":44,"column":10}}]},"6":{"line":58,"type":"if","locations":[{"start":{"line":58,"column":4},"end":{"line":58,"column":4}},{"start":{"line":58,"column":4},"end":{"line":58,"column":4}}]},"7":{"line":61,"type":"if","locations":[{"start":{"line":61,"column":6},"end":{"line":61,"column":6}},{"start":{"line":61,"column":6},"end":{"line":61,"column":6}}]},"8":{"line":88,"type":"if","locations":[{"start":{"line":88,"column":4},"end":{"line":88,"column":4}},{"start":{"line":88,"column":4},"end":{"line":88,"column":4}}]},"9":{"line":89,"type":"if","locations":[{"start":{"line":89,"column":4},"end":{"line":89,"column":4}},{"start":{"line":89,"column":4},"end":{"line":89,"column":4}}]},"10":{"line":90,"type":"if","locations":[{"start":{"line":90,"column":4},"end":{"line":90,"column":4}},{"start":{"line":90,"column":4},"end":{"line":90,"column":4}}]}},"code":["'use strict';","","var debug = require('debug')('licenses::content');","","module.exports = require('./parser').extend({","  /**","   * The name of this parser.","   *","   * @type {String}","   * @private","   */","  name: 'content',","","  /**","   * Parse the markdown information from the package.","   *","   * @param {Object} data The package.json or npm package contents.","   * @param {Object} options Optional options.","   * @param {Function} next Continuation.","   * @api public","   */","  parse: function parse(data, options, next) {","    data = this.get(data);","","    if ('function' === typeof options) {","      next = options;","      options = {};","    }","","    //","    // We cannot detect a license so we call the callback without any arguments","    // which symbolises a failed attempt.","    //","    if (!data) return next();","","    //","    // Optimize the matches by trying to locate where the licensing information","    // starts in the given content. Usually, we, as developers add it at the","    // bottom of our README.md files and prefix it with \"LICENSE\" as header.","    //","    if (data.file && /readme/i.test(data.file)) {","      data.content.split('\\n')","        .some(function some(line, index, lines) {","          if (","            /^.{0,7}\\s{0,}(?:licen[cs]e[s]?|copyright).{0,2}\\s{0,}$/gim.test(","              line.trim())","          ) {","            data.content = lines.slice(index).join('\\n');","            debug('matched %s as license header, slicing data', JSON.stringify(line));","          return true;","        }","","        return false;","      });","    }","","    var license = this.scan(data.content);","    if (!license) {","      license = this.test(data.content);","","      if (license) debug('used regexp to detect %s in content', license);","    } else {","      debug('license file scan resulted in %s as matching license', license);","    }","","","    next(undefined, this.normalize(license));","  },","","  /**","   * Is content based license detection an option for this package.","   *","   * @param {Object} data The package.json or npm package contents.","   * @returns {Boolean}","   * @api public","   */","  supported: function supported(data) {","    return !!this.get(data);","  },","","  /**","   * Retrieve the only possible location of data. Which is the `readme` content","   * but that's only available for packages that are retrieved through npm.","   *","   * @param {Object} data The package.json or npm package contents.","   */","  get: function get(data) {","    if ('string' === typeof data) return { content: data };","    if (data.readme) return { content: data.readme, file: 'readme' };","    if (data.content) return data;","  }","});",""],"l":{"3":1,"5":1,"23":0,"25":0,"26":0,"27":0,"34":0,"41":0,"42":0,"44":0,"48":0,"49":0,"50":0,"53":0,"57":0,"58":0,"59":0,"61":0,"63":0,"67":0,"78":0,"88":0,"89":0,"90":0}},"/home/travis/build/npmtest/node-npmtest-licenses/node_modules/licenses/github.js":{"path":"/home/travis/build/npmtest/node-npmtest-licenses/node_modules/licenses/github.js","s":{"1":1,"2":1,"3":13,"4":13,"5":0,"6":0,"7":0,"8":0,"9":0,"10":0,"11":0,"12":0,"13":0,"14":0,"15":0,"16":0,"17":0,"18":0,"19":0,"20":0,"21":0,"22":0,"23":0,"24":0,"25":0,"26":0,"27":0,"28":0,"29":0,"30":0,"31":0,"32":0,"33":0,"34":0,"35":0,"36":0,"37":0,"38":0,"39":0,"40":0,"41":0,"42":0,"43":0,"44":0,"45":0,"46":0,"47":0,"48":0,"49":0,"50":0},"b":{"1":[0,0],"2":[0,0],"3":[0,0],"4":[0,0],"5":[0,0],"6":[0,0],"7":[0,0,0],"8":[0,0],"9":[0,0],"10":[0,0],"11":[0,0],"12":[0,0],"13":[0,0],"14":[0,0],"15":[0,0],"16":[0,0]},"f":{"1":13,"2":0,"3":0,"4":0,"5":0,"6":0,"7":0,"8":0,"9":0,"10":0,"11":0,"12":0,"13":0,"14":0},"fnMap":{"1":{"name":"flatten","line":37,"loc":{"start":{"line":37,"column":11},"end":{"line":37,"column":45}}},"2":{"name":"parse","line":50,"loc":{"start":{"line":50,"column":9},"end":{"line":50,"column":45}}},"3":{"name":"moved","line":68,"loc":{"start":{"line":68,"column":38},"end":{"line":68,"column":75}}},"4":{"name":"contents","line":72,"loc":{"start":{"line":72,"column":43},"end":{"line":72,"column":73}}},"5":{"name":"filter","line":78,"loc":{"start":{"line":78,"column":29},"end":{"line":78,"column":51}}},"6":{"name":"some","line":88,"loc":{"start":{"line":88,"column":39},"end":{"line":88,"column":63}}},"7":{"name":"sort","line":91,"loc":{"start":{"line":91,"column":16},"end":{"line":91,"column":36}}},"8":{"name":"does","line":107,"loc":{"start":{"line":107,"column":30},"end":{"line":107,"column":50}}},"9":{"name":"raw","line":114,"loc":{"start":{"line":114,"column":13},"end":{"line":114,"column":37}}},"10":{"name":"parse","line":120,"loc":{"start":{"line":120,"column":15},"end":{"line":120,"column":41}}},"11":{"name":"select","line":127,"loc":{"start":{"line":127,"column":11},"end":{"line":127,"column":29}}},"12":{"name":"done","line":129,"loc":{"start":{"line":129,"column":11},"end":{"line":129,"column":30}}},"13":{"name":"supported","line":143,"loc":{"start":{"line":143,"column":13},"end":{"line":143,"column":38}}},"14":{"name":"get","line":155,"loc":{"start":{"line":155,"column":7},"end":{"line":155,"column":22}}}},"statementMap":{"1":{"start":{"line":3,"column":0},"end":{"line":4,"column":25}},"2":{"start":{"line":12,"column":0},"end":{"line":158,"column":3}},"3":{"start":{"line":38,"column":4},"end":{"line":38,"column":82}},"4":{"start":{"line":39,"column":4},"end":{"line":39,"column":16}},"5":{"start":{"line":51,"column":4},"end":{"line":51,"column":26}},"6":{"start":{"line":53,"column":4},"end":{"line":56,"column":5}},"7":{"start":{"line":54,"column":6},"end":{"line":54,"column":21}},"8":{"start":{"line":55,"column":6},"end":{"line":55,"column":19}},"9":{"start":{"line":62,"column":4},"end":{"line":62,"column":29}},"10":{"start":{"line":62,"column":15},"end":{"line":62,"column":29}},"11":{"start":{"line":64,"column":4},"end":{"line":66,"column":22}},"12":{"start":{"line":68,"column":4},"end":{"line":133,"column":7}},"13":{"start":{"line":69,"column":6},"end":{"line":69,"column":32}},"14":{"start":{"line":69,"column":15},"end":{"line":69,"column":32}},"15":{"start":{"line":70,"column":6},"end":{"line":70,"column":59}},"16":{"start":{"line":70,"column":19},"end":{"line":70,"column":59}},"17":{"start":{"line":72,"column":6},"end":{"line":132,"column":9}},"18":{"start":{"line":73,"column":8},"end":{"line":73,"column":61}},"19":{"start":{"line":73,"column":44},"end":{"line":73,"column":61}},"20":{"start":{"line":78,"column":8},"end":{"line":95,"column":11}},"21":{"start":{"line":79,"column":10},"end":{"line":79,"column":45}},"22":{"start":{"line":82,"column":10},"end":{"line":82,"column":43}},"23":{"start":{"line":82,"column":30},"end":{"line":82,"column":43}},"24":{"start":{"line":85,"column":10},"end":{"line":85,"column":61}},"25":{"start":{"line":85,"column":49},"end":{"line":85,"column":61}},"26":{"start":{"line":88,"column":10},"end":{"line":90,"column":13}},"27":{"start":{"line":89,"column":12},"end":{"line":89,"column":45}},"28":{"start":{"line":92,"column":10},"end":{"line":92,"column":40}},"29":{"start":{"line":92,"column":31},"end":{"line":92,"column":40}},"30":{"start":{"line":93,"column":10},"end":{"line":93,"column":41}},"31":{"start":{"line":93,"column":31},"end":{"line":93,"column":41}},"32":{"start":{"line":94,"column":10},"end":{"line":94,"column":19}},"33":{"start":{"line":97,"column":8},"end":{"line":97,"column":41}},"34":{"start":{"line":97,"column":27},"end":{"line":97,"column":41}},"35":{"start":{"line":102,"column":8},"end":{"line":102,"column":20}},"36":{"start":{"line":107,"column":8},"end":{"line":131,"column":11}},"37":{"start":{"line":108,"column":10},"end":{"line":108,"column":35}},"38":{"start":{"line":110,"column":10},"end":{"line":110,"column":67}},"39":{"start":{"line":112,"column":10},"end":{"line":126,"column":13}},"40":{"start":{"line":115,"column":12},"end":{"line":115,"column":38}},"41":{"start":{"line":115,"column":21},"end":{"line":115,"column":38}},"42":{"start":{"line":117,"column":12},"end":{"line":125,"column":15}},"43":{"start":{"line":121,"column":14},"end":{"line":121,"column":29}},"44":{"start":{"line":123,"column":14},"end":{"line":123,"column":74}},"45":{"start":{"line":123,"column":27},"end":{"line":123,"column":74}},"46":{"start":{"line":124,"column":14},"end":{"line":124,"column":24}},"47":{"start":{"line":128,"column":10},"end":{"line":128,"column":42}},"48":{"start":{"line":130,"column":10},"end":{"line":130,"column":29}},"49":{"start":{"line":144,"column":4},"end":{"line":144,"column":28}},"50":{"start":{"line":156,"column":4},"end":{"line":156,"column":55}}},"branchMap":{"1":{"line":53,"type":"if","locations":[{"start":{"line":53,"column":4},"end":{"line":53,"column":4}},{"start":{"line":53,"column":4},"end":{"line":53,"column":4}}]},"2":{"line":62,"type":"if","locations":[{"start":{"line":62,"column":4},"end":{"line":62,"column":4}},{"start":{"line":62,"column":4},"end":{"line":62,"column":4}}]},"3":{"line":64,"type":"binary-expr","locations":[{"start":{"line":64,"column":18},"end":{"line":64,"column":33}},{"start":{"line":64,"column":37},"end":{"line":64,"column":49}}]},"4":{"line":69,"type":"if","locations":[{"start":{"line":69,"column":6},"end":{"line":69,"column":6}},{"start":{"line":69,"column":6},"end":{"line":69,"column":6}}]},"5":{"line":70,"type":"if","locations":[{"start":{"line":70,"column":6},"end":{"line":70,"column":6}},{"start":{"line":70,"column":6},"end":{"line":70,"column":6}}]},"6":{"line":73,"type":"if","locations":[{"start":{"line":73,"column":8},"end":{"line":73,"column":8}},{"start":{"line":73,"column":8},"end":{"line":73,"column":8}}]},"7":{"line":73,"type":"binary-expr","locations":[{"start":{"line":73,"column":12},"end":{"line":73,"column":15}},{"start":{"line":73,"column":19},"end":{"line":73,"column":25}},{"start":{"line":73,"column":29},"end":{"line":73,"column":42}}]},"8":{"line":82,"type":"if","locations":[{"start":{"line":82,"column":10},"end":{"line":82,"column":10}},{"start":{"line":82,"column":10},"end":{"line":82,"column":10}}]},"9":{"line":85,"type":"if","locations":[{"start":{"line":85,"column":10},"end":{"line":85,"column":10}},{"start":{"line":85,"column":10},"end":{"line":85,"column":10}}]},"10":{"line":92,"type":"if","locations":[{"start":{"line":92,"column":10},"end":{"line":92,"column":10}},{"start":{"line":92,"column":10},"end":{"line":92,"column":10}}]},"11":{"line":93,"type":"if","locations":[{"start":{"line":93,"column":10},"end":{"line":93,"column":10}},{"start":{"line":93,"column":10},"end":{"line":93,"column":10}}]},"12":{"line":97,"type":"if","locations":[{"start":{"line":97,"column":8},"end":{"line":97,"column":8}},{"start":{"line":97,"column":8},"end":{"line":97,"column":8}}]},"13":{"line":115,"type":"if","locations":[{"start":{"line":115,"column":12},"end":{"line":115,"column":12}},{"start":{"line":115,"column":12},"end":{"line":115,"column":12}}]},"14":{"line":118,"type":"cond-expr","locations":[{"start":{"line":118,"column":45},"end":{"line":118,"column":52}},{"start":{"line":118,"column":55},"end":{"line":118,"column":59}}]},"15":{"line":123,"type":"if","locations":[{"start":{"line":123,"column":14},"end":{"line":123,"column":14}},{"start":{"line":123,"column":14},"end":{"line":123,"column":14}}]},"16":{"line":128,"type":"binary-expr","locations":[{"start":{"line":128,"column":17},"end":{"line":128,"column":25}},{"start":{"line":128,"column":29},"end":{"line":128,"column":41}}]}},"code":["'use strict';","","var debug = require('debug')('licenses::github')","  , url = require('url');","","/**"," * Parser for github based URL."," *"," * @constructor"," * @api public"," */","module.exports = require('./parser').extend({","  /**","   * The name of this parser.","   *","   * @type {String}","   * @private","   */","  name: 'github',","","  /**","   * All the filenames that we're interested in from Github that can potentially","   * contain the license information.","   *","   * The extensions which are added are","   *","   * @type {Array}","   * @api private","   */","  filenames: [","    'license',","    'licence',","    'readme',","  ].concat([","    'markdown', 'mdown', 'md', 'textile', 'rdoc', 'org', 'creole', 'mediawiki',","    'rst', 'asciidoc', 'adoc', 'asc', 'pod'","  ].reduce(function flatten(slim, extension) {","    slim.push('license.'+ extension, 'readme.'+ extension, 'licence.'+ extension);","    return slim;","  }, [])),","","  /**","   * Parse the github information from the package.","   *","   * @param {Object} data The package.json or npm package contents.","   * @param {Object} options Optional options.","   * @param {Function} next Continuation.","   * @api public","   */","  parse: function parse(data, options, next) {","    data = this.get(data);","","    if ('function' === typeof options) {","      next = options;","      options = {};","    }","","    //","    // We cannot detect a license so we call the callback without any arguments","    // which symbolises a failed attempt.","    //","    if (!data) return next();","","    var githulk = options.githulk || this.githulk","      , project = data.user +'/'+ data.repo","      , parser = this;","","    githulk.repository.moved(project, function moved(err, github, changed) {","      if (err) return next(err);","      if (changed) project = github.user +'/'+ github.repo;","","      githulk.repository.contents(project, function contents(err, files) {","        if (err || !files || !files.length) return next(err);","","        //","        // Check if we have any compatible.","        //","        files = files.filter(function filter(file) {","          var name = file.name.toLowerCase();","","          // No size, not really useful for matching.","          if (file.size <= 0) return false;","","          // Fast case, direct match.","          if (!!~parser.filenames.indexOf(name)) return true;","","          // Slow case, partial match.","          return parser.filenames.some(function some(filename) {","            return !!~name.indexOf(filename);","          });","        }).sort(function sort(a, b) {","          if (a.name > b.name) return 1;","          if (b.name < b.name) return -1;","          return 0;","        });","","        if (!files.length) return next();","","        //","        // Stored the matching license.","        //","        var license;","","        //","        // Fetch and parse the 'raw' content of the file so we can parse it.","        //","        parser.async.doWhilst(function does(next) {","          var file = files.shift();","","          debug('searching %s for license information', file.name);","","          githulk.repository.raw(project, {","            path: file.name","          }, function raw(err, data) {","            if (err) return next(err);","","            parser.parsers.content.parse({","              content: Array.isArray(data) ? data[0] : data,","              file: file.name","            }, function parse(err, data) {","              license = data;","","              if (license) debug('extracted %s from %s', data, file.name);","              next(err);","            });","          });","        }, function select() {","          return !license && files.length;","        }, function done(err) {","          next(err, license);","        });","      });","    });","  },","","  /**","   * Is github based license detection an option for this package.","   *","   * @param {Object} data The package.json or npm package contents.","   * @returns {Boolean}","   * @api public","   */","  supported: function supported(data) {","    return !!this.get(data);","  },","","  /**","   * Get the actual contents that we're interested in, in this case it's the","   * location of a potential github URL.","   *","   * @param {Object} data The package.json or the npm package contents.","   * @return {String} Returns the URL or undefined.","   * @api private","   */","  get: function get() {","    return this.githulk.project.apply(this, arguments);","  }","});",""],"l":{"3":1,"12":1,"38":13,"39":13,"51":0,"53":0,"54":0,"55":0,"62":0,"64":0,"68":0,"69":0,"70":0,"72":0,"73":0,"78":0,"79":0,"82":0,"85":0,"88":0,"89":0,"92":0,"93":0,"94":0,"97":0,"102":0,"107":0,"108":0,"110":0,"112":0,"115":0,"117":0,"121":0,"123":0,"124":0,"128":0,"130":0,"144":0,"156":0}}}